Starting ShellApplication on home with PID 8412 (F:\ideaproject\shell\target\classes started by luokun in F:\ideaproject\shell)
No active profile set, falling back to default profiles: default
Bootstrapping Spring Data repositories in DEFAULT mode.
Finished Spring Data repository scanning in 95ms. Found 4 repository interfaces.
Bean 'org.springframework.transaction.annotation.ProxyTransactionManagementConfiguration' of type [org.springframework.transaction.annotation.ProxyTransactionManagementConfiguration$$EnhancerBySpringCGLIB$$ee40d292] is not eligible for getting processed by all BeanPostProcessors (for example: not eligible for auto-proxying)
Tomcat initialized with port(s): 8080 (http)
Initializing ProtocolHandler ["http-nio-8080"]
Starting service [Tomcat]
Starting Servlet Engine: Apache Tomcat/9.0.12
The APR based Apache Tomcat Native library which allows optimal performance in production environments was not found on the java.library.path: [E:\Program Files\Java\jdk1.8.0_91\bin;C:\Windows\Sun\Java\bin;C:\Windows\system32;C:\Windows;E:\Program Files\Java\jdk1.8.0_91\bin;C:\ProgramData\Oracle\Java\javapath;D:\jdk-8u91-windows-x64\jdk\bin;D:\软件\Maven\apache-maven-3.5.0-bin\apache-maven-3.5.0\bin;D:\Oracle\Oracle\app\oracle\product\11.2.0\server\bin;C:\Windows\system32;C:\Windows;C:\Windows\System32\Wbem;C:\Windows\System32\WindowsPowerShell\v1.0\;d:\SQL Server 2008 R2\Microsoft SQL Server86\100\Tools\Binn\;d:\SQL Server 2008 R2\100\Tools\Binn\;d:\SQL Server 2008 R2\100\DTS\Binn\;d:\SQL Server 2008 R2\Microsoft SQL Server86\100\Tools\Binn\VSShell\Common7\IDE\;d:\SQL Server 2008 R2\Microsoft SQL Server86\100\DTS\Binn\;D:\Mysql\mysql-5.6.33-winx64\bin;C:\Program Files\TortoiseSVN\bin;D:\Rational\Common;C:\Program Files (x86)\NVIDIA Corporation\PhysX\Common;C:\Program Files (x86)\nodejs\;D:\Maven\apache-maven-3.5.0\bin;D:\apache-tomcat-7.0.54\bin;E:\Program Files\natapp;C:\Users\luokun\AppData\Roaming\npm;.]
Initializing Spring embedded WebApplicationContext
Root WebApplicationContext: initialization completed in 3519 ms
Servlet dispatcherServlet mapped to [/]
Mapping filter: 'characterEncodingFilter' to: [/*]
Mapping filter: 'hiddenHttpMethodFilter' to: [/*]
Mapping filter: 'formContentFilter' to: [/*]
Mapping filter: 'requestContextFilter' to: [/*]
HikariPool-1 - Starting...
HikariPool-1 - Start completed.
HHH000204: Processing PersistenceUnitInfo [
	name: default
	...]
HHH000412: Hibernate Core {5.3.7.Final}
HHH000206: hibernate.properties not found
HCANN000001: Hibernate Commons Annotations {5.0.4.Final}
HHH000400: Using dialect: org.hibernate.dialect.MySQL5Dialect
Initialized JPA EntityManagerFactory for persistence unit 'default'
Initializing ExecutorService 'applicationTaskExecutor'
spring.jpa.open-in-view is enabled by default. Therefore, database queries may be performed during view rendering. Explicitly configure spring.jpa.open-in-view to disable this warning
Starting ProtocolHandler ["http-nio-8080"]
Using a shared selector for servlet write/read
Tomcat started on port(s): 8080 (http) with context path '/sell'
Started ShellApplication in 11.434 seconds (JVM running for 16.703)
Initializing Spring DispatcherServlet 'dispatcherServlet'
Initializing Servlet 'dispatcherServlet'
Completed initialization in 6 ms
Starting ShellApplication on home with PID 6948 (F:\ideaproject\shell\target\classes started by luokun in F:\ideaproject\shell)
No active profile set, falling back to default profiles: default
Bootstrapping Spring Data repositories in DEFAULT mode.
Finished Spring Data repository scanning in 59ms. Found 4 repository interfaces.
Bean 'org.springframework.transaction.annotation.ProxyTransactionManagementConfiguration' of type [org.springframework.transaction.annotation.ProxyTransactionManagementConfiguration$$EnhancerBySpringCGLIB$$5c0d988] is not eligible for getting processed by all BeanPostProcessors (for example: not eligible for auto-proxying)
Tomcat initialized with port(s): 8080 (http)
Initializing ProtocolHandler ["http-nio-8080"]
Starting service [Tomcat]
Starting Servlet Engine: Apache Tomcat/9.0.12
The APR based Apache Tomcat Native library which allows optimal performance in production environments was not found on the java.library.path: [E:\Program Files\Java\jdk1.8.0_91\bin;C:\Windows\Sun\Java\bin;C:\Windows\system32;C:\Windows;E:\Program Files\Java\jdk1.8.0_91\bin;C:\ProgramData\Oracle\Java\javapath;D:\jdk-8u91-windows-x64\jdk\bin;D:\软件\Maven\apache-maven-3.5.0-bin\apache-maven-3.5.0\bin;D:\Oracle\Oracle\app\oracle\product\11.2.0\server\bin;C:\Windows\system32;C:\Windows;C:\Windows\System32\Wbem;C:\Windows\System32\WindowsPowerShell\v1.0\;d:\SQL Server 2008 R2\Microsoft SQL Server86\100\Tools\Binn\;d:\SQL Server 2008 R2\100\Tools\Binn\;d:\SQL Server 2008 R2\100\DTS\Binn\;d:\SQL Server 2008 R2\Microsoft SQL Server86\100\Tools\Binn\VSShell\Common7\IDE\;d:\SQL Server 2008 R2\Microsoft SQL Server86\100\DTS\Binn\;D:\Mysql\mysql-5.6.33-winx64\bin;C:\Program Files\TortoiseSVN\bin;D:\Rational\Common;C:\Program Files (x86)\NVIDIA Corporation\PhysX\Common;C:\Program Files (x86)\nodejs\;D:\Maven\apache-maven-3.5.0\bin;D:\apache-tomcat-7.0.54\bin;E:\Program Files\natapp;C:\Users\luokun\AppData\Roaming\npm;.]
Initializing Spring embedded WebApplicationContext
Root WebApplicationContext: initialization completed in 1474 ms
Servlet dispatcherServlet mapped to [/]
Mapping filter: 'characterEncodingFilter' to: [/*]
Mapping filter: 'hiddenHttpMethodFilter' to: [/*]
Mapping filter: 'formContentFilter' to: [/*]
Mapping filter: 'requestContextFilter' to: [/*]
HikariPool-1 - Starting...
HikariPool-1 - Start completed.
HHH000204: Processing PersistenceUnitInfo [
	name: default
	...]
HHH000412: Hibernate Core {5.3.7.Final}
HHH000206: hibernate.properties not found
HCANN000001: Hibernate Commons Annotations {5.0.4.Final}
HHH000400: Using dialect: org.hibernate.dialect.MySQL5Dialect
Initialized JPA EntityManagerFactory for persistence unit 'default'
Initializing ExecutorService 'applicationTaskExecutor'
spring.jpa.open-in-view is enabled by default. Therefore, database queries may be performed during view rendering. Explicitly configure spring.jpa.open-in-view to disable this warning
Starting ProtocolHandler ["http-nio-8080"]
Using a shared selector for servlet write/read
Tomcat started on port(s): 8080 (http) with context path '/sell'
Started ShellApplication in 5.079 seconds (JVM running for 7.95)
Initializing Spring DispatcherServlet 'dispatcherServlet'
Initializing Servlet 'dispatcherServlet'
Completed initialization in 7 ms
Starting CatagoryServiceImplTest on home with PID 6172 (started by luokun in F:\ideaproject\shell)
No active profile set, falling back to default profiles: default
Bootstrapping Spring Data repositories in DEFAULT mode.
Finished Spring Data repository scanning in 79ms. Found 4 repository interfaces.
Bean 'org.springframework.transaction.annotation.ProxyTransactionManagementConfiguration' of type [org.springframework.transaction.annotation.ProxyTransactionManagementConfiguration$$EnhancerBySpringCGLIB$$c3fad364] is not eligible for getting processed by all BeanPostProcessors (for example: not eligible for auto-proxying)
HikariPool-1 - Starting...
HikariPool-1 - Start completed.
HHH000204: Processing PersistenceUnitInfo [
	name: default
	...]
HHH000412: Hibernate Core {5.3.7.Final}
HHH000206: hibernate.properties not found
HCANN000001: Hibernate Commons Annotations {5.0.4.Final}
HHH000400: Using dialect: org.hibernate.dialect.MySQL5Dialect
Initialized JPA EntityManagerFactory for persistence unit 'default'
Initializing ExecutorService 'applicationTaskExecutor'
spring.jpa.open-in-view is enabled by default. Therefore, database queries may be performed during view rendering. Explicitly configure spring.jpa.open-in-view to disable this warning
Started CatagoryServiceImplTest in 8.351 seconds (JVM running for 11.186)
HHH000397: Using ASTQueryTranslatorFactory
Shutting down ExecutorService 'applicationTaskExecutor'
Closing JPA EntityManagerFactory for persistence unit 'default'
HikariPool-1 - Shutdown initiated...
HikariPool-1 - Shutdown completed.
Starting CatagoryServiceImplTest on home with PID 8368 (started by luokun in F:\ideaproject\shell)
No active profile set, falling back to default profiles: default
Bootstrapping Spring Data repositories in DEFAULT mode.
Finished Spring Data repository scanning in 129ms. Found 4 repository interfaces.
Bean 'org.springframework.transaction.annotation.ProxyTransactionManagementConfiguration' of type [org.springframework.transaction.annotation.ProxyTransactionManagementConfiguration$$EnhancerBySpringCGLIB$$73471925] is not eligible for getting processed by all BeanPostProcessors (for example: not eligible for auto-proxying)
HikariPool-1 - Starting...
HikariPool-1 - Start completed.
HHH000204: Processing PersistenceUnitInfo [
	name: default
	...]
HHH000412: Hibernate Core {5.3.7.Final}
HHH000206: hibernate.properties not found
HCANN000001: Hibernate Commons Annotations {5.0.4.Final}
HHH000400: Using dialect: org.hibernate.dialect.MySQL5Dialect
Initialized JPA EntityManagerFactory for persistence unit 'default'
Initializing ExecutorService 'applicationTaskExecutor'
spring.jpa.open-in-view is enabled by default. Therefore, database queries may be performed during view rendering. Explicitly configure spring.jpa.open-in-view to disable this warning
Started CatagoryServiceImplTest in 6.76 seconds (JVM running for 7.68)
HHH000397: Using ASTQueryTranslatorFactory
Shutting down ExecutorService 'applicationTaskExecutor'
Closing JPA EntityManagerFactory for persistence unit 'default'
HikariPool-1 - Shutdown initiated...
HikariPool-1 - Shutdown completed.
Starting ShellApplication on home with PID 6632 (F:\ideaproject\shell\target\classes started by luokun in F:\ideaproject\shell)
No active profile set, falling back to default profiles: default
Bootstrapping Spring Data repositories in DEFAULT mode.
Finished Spring Data repository scanning in 59ms. Found 4 repository interfaces.
Bean 'org.springframework.transaction.annotation.ProxyTransactionManagementConfiguration' of type [org.springframework.transaction.annotation.ProxyTransactionManagementConfiguration$$EnhancerBySpringCGLIB$$6979ab71] is not eligible for getting processed by all BeanPostProcessors (for example: not eligible for auto-proxying)
Tomcat initialized with port(s): 8080 (http)
Initializing ProtocolHandler ["http-nio-8080"]
Starting service [Tomcat]
Starting Servlet Engine: Apache Tomcat/9.0.12
The APR based Apache Tomcat Native library which allows optimal performance in production environments was not found on the java.library.path: [E:\Program Files\Java\jdk1.8.0_91\bin;C:\Windows\Sun\Java\bin;C:\Windows\system32;C:\Windows;E:\Program Files\Java\jdk1.8.0_91\bin;C:\ProgramData\Oracle\Java\javapath;D:\jdk-8u91-windows-x64\jdk\bin;D:\软件\Maven\apache-maven-3.5.0-bin\apache-maven-3.5.0\bin;D:\Oracle\Oracle\app\oracle\product\11.2.0\server\bin;C:\Windows\system32;C:\Windows;C:\Windows\System32\Wbem;C:\Windows\System32\WindowsPowerShell\v1.0\;d:\SQL Server 2008 R2\Microsoft SQL Server86\100\Tools\Binn\;d:\SQL Server 2008 R2\100\Tools\Binn\;d:\SQL Server 2008 R2\100\DTS\Binn\;d:\SQL Server 2008 R2\Microsoft SQL Server86\100\Tools\Binn\VSShell\Common7\IDE\;d:\SQL Server 2008 R2\Microsoft SQL Server86\100\DTS\Binn\;D:\Mysql\mysql-5.6.33-winx64\bin;C:\Program Files\TortoiseSVN\bin;D:\Rational\Common;C:\Program Files (x86)\NVIDIA Corporation\PhysX\Common;C:\Program Files (x86)\nodejs\;D:\Maven\apache-maven-3.5.0\bin;D:\apache-tomcat-7.0.54\bin;E:\Program Files\natapp;C:\Users\luokun\AppData\Roaming\npm;.]
Initializing Spring embedded WebApplicationContext
Root WebApplicationContext: initialization completed in 1214 ms
Servlet dispatcherServlet mapped to [/]
Mapping filter: 'characterEncodingFilter' to: [/*]
Mapping filter: 'hiddenHttpMethodFilter' to: [/*]
Mapping filter: 'formContentFilter' to: [/*]
Mapping filter: 'requestContextFilter' to: [/*]
HikariPool-1 - Starting...
HikariPool-1 - Start completed.
HHH000204: Processing PersistenceUnitInfo [
	name: default
	...]
HHH000412: Hibernate Core {5.3.7.Final}
HHH000206: hibernate.properties not found
HCANN000001: Hibernate Commons Annotations {5.0.4.Final}
HHH000400: Using dialect: org.hibernate.dialect.MySQL5Dialect
Initialized JPA EntityManagerFactory for persistence unit 'default'
Initializing ExecutorService 'applicationTaskExecutor'
spring.jpa.open-in-view is enabled by default. Therefore, database queries may be performed during view rendering. Explicitly configure spring.jpa.open-in-view to disable this warning
Starting ProtocolHandler ["http-nio-8080"]
Using a shared selector for servlet write/read
Tomcat started on port(s): 8080 (http) with context path '/sell'
Started ShellApplication in 3.657 seconds (JVM running for 5.534)
Initializing Spring DispatcherServlet 'dispatcherServlet'
Initializing Servlet 'dispatcherServlet'
Completed initialization in 7 ms
HHH000397: Using ASTQueryTranslatorFactory
Starting ShellApplication on home with PID 7208 (F:\ideaproject\shell\target\classes started by luokun in F:\ideaproject\shell)
No active profile set, falling back to default profiles: default
Bootstrapping Spring Data repositories in DEFAULT mode.
Finished Spring Data repository scanning in 65ms. Found 4 repository interfaces.
Bean 'org.springframework.transaction.annotation.ProxyTransactionManagementConfiguration' of type [org.springframework.transaction.annotation.ProxyTransactionManagementConfiguration$$EnhancerBySpringCGLIB$$187442d0] is not eligible for getting processed by all BeanPostProcessors (for example: not eligible for auto-proxying)
Tomcat initialized with port(s): 8080 (http)
Initializing ProtocolHandler ["http-nio-8080"]
Starting service [Tomcat]
Starting Servlet Engine: Apache Tomcat/9.0.12
The APR based Apache Tomcat Native library which allows optimal performance in production environments was not found on the java.library.path: [E:\Program Files\Java\jdk1.8.0_91\bin;C:\Windows\Sun\Java\bin;C:\Windows\system32;C:\Windows;E:\Program Files\Java\jdk1.8.0_91\bin;C:\ProgramData\Oracle\Java\javapath;D:\jdk-8u91-windows-x64\jdk\bin;D:\软件\Maven\apache-maven-3.5.0-bin\apache-maven-3.5.0\bin;D:\Oracle\Oracle\app\oracle\product\11.2.0\server\bin;C:\Windows\system32;C:\Windows;C:\Windows\System32\Wbem;C:\Windows\System32\WindowsPowerShell\v1.0\;d:\SQL Server 2008 R2\Microsoft SQL Server86\100\Tools\Binn\;d:\SQL Server 2008 R2\100\Tools\Binn\;d:\SQL Server 2008 R2\100\DTS\Binn\;d:\SQL Server 2008 R2\Microsoft SQL Server86\100\Tools\Binn\VSShell\Common7\IDE\;d:\SQL Server 2008 R2\Microsoft SQL Server86\100\DTS\Binn\;D:\Mysql\mysql-5.6.33-winx64\bin;C:\Program Files\TortoiseSVN\bin;D:\Rational\Common;C:\Program Files (x86)\NVIDIA Corporation\PhysX\Common;C:\Program Files (x86)\nodejs\;D:\Maven\apache-maven-3.5.0\bin;D:\apache-tomcat-7.0.54\bin;E:\Program Files\natapp;C:\Users\luokun\AppData\Roaming\npm;.]
Initializing Spring embedded WebApplicationContext
Root WebApplicationContext: initialization completed in 1836 ms
Servlet dispatcherServlet mapped to [/]
Mapping filter: 'characterEncodingFilter' to: [/*]
Mapping filter: 'hiddenHttpMethodFilter' to: [/*]
Mapping filter: 'formContentFilter' to: [/*]
Mapping filter: 'requestContextFilter' to: [/*]
HikariPool-1 - Starting...
HikariPool-1 - Start completed.
HHH000204: Processing PersistenceUnitInfo [
	name: default
	...]
HHH000412: Hibernate Core {5.3.7.Final}
HHH000206: hibernate.properties not found
HCANN000001: Hibernate Commons Annotations {5.0.4.Final}
HHH000400: Using dialect: org.hibernate.dialect.MySQL5Dialect
Initialized JPA EntityManagerFactory for persistence unit 'default'
Initializing ExecutorService 'applicationTaskExecutor'
spring.jpa.open-in-view is enabled by default. Therefore, database queries may be performed during view rendering. Explicitly configure spring.jpa.open-in-view to disable this warning
Starting ProtocolHandler ["http-nio-8080"]
Using a shared selector for servlet write/read
Tomcat started on port(s): 8080 (http) with context path '/sell'
Started ShellApplication in 6.706 seconds (JVM running for 9.171)
Initializing Spring DispatcherServlet 'dispatcherServlet'
Initializing Servlet 'dispatcherServlet'
Completed initialization in 6 ms
HHH000397: Using ASTQueryTranslatorFactory
Starting ShellApplication on home with PID 9072 (F:\ideaproject\shell\target\classes started by luokun in F:\ideaproject\shell)
No active profile set, falling back to default profiles: default
Bootstrapping Spring Data repositories in DEFAULT mode.
Finished Spring Data repository scanning in 58ms. Found 4 repository interfaces.
Bean 'org.springframework.transaction.annotation.ProxyTransactionManagementConfiguration' of type [org.springframework.transaction.annotation.ProxyTransactionManagementConfiguration$$EnhancerBySpringCGLIB$$d6b40132] is not eligible for getting processed by all BeanPostProcessors (for example: not eligible for auto-proxying)
Tomcat initialized with port(s): 8080 (http)
Initializing ProtocolHandler ["http-nio-8080"]
Starting service [Tomcat]
Starting Servlet Engine: Apache Tomcat/9.0.12
The APR based Apache Tomcat Native library which allows optimal performance in production environments was not found on the java.library.path: [E:\Program Files\Java\jdk1.8.0_91\bin;C:\Windows\Sun\Java\bin;C:\Windows\system32;C:\Windows;E:\Program Files\Java\jdk1.8.0_91\bin;C:\ProgramData\Oracle\Java\javapath;D:\jdk-8u91-windows-x64\jdk\bin;D:\软件\Maven\apache-maven-3.5.0-bin\apache-maven-3.5.0\bin;D:\Oracle\Oracle\app\oracle\product\11.2.0\server\bin;C:\Windows\system32;C:\Windows;C:\Windows\System32\Wbem;C:\Windows\System32\WindowsPowerShell\v1.0\;d:\SQL Server 2008 R2\Microsoft SQL Server86\100\Tools\Binn\;d:\SQL Server 2008 R2\100\Tools\Binn\;d:\SQL Server 2008 R2\100\DTS\Binn\;d:\SQL Server 2008 R2\Microsoft SQL Server86\100\Tools\Binn\VSShell\Common7\IDE\;d:\SQL Server 2008 R2\Microsoft SQL Server86\100\DTS\Binn\;D:\Mysql\mysql-5.6.33-winx64\bin;C:\Program Files\TortoiseSVN\bin;D:\Rational\Common;C:\Program Files (x86)\NVIDIA Corporation\PhysX\Common;C:\Program Files (x86)\nodejs\;D:\Maven\apache-maven-3.5.0\bin;D:\apache-tomcat-7.0.54\bin;E:\Program Files\natapp;C:\Users\luokun\AppData\Roaming\npm;.]
Initializing Spring embedded WebApplicationContext
Root WebApplicationContext: initialization completed in 1467 ms
Servlet dispatcherServlet mapped to [/]
Mapping filter: 'characterEncodingFilter' to: [/*]
Mapping filter: 'hiddenHttpMethodFilter' to: [/*]
Mapping filter: 'formContentFilter' to: [/*]
Mapping filter: 'requestContextFilter' to: [/*]
HikariPool-1 - Starting...
HikariPool-1 - Start completed.
HHH000204: Processing PersistenceUnitInfo [
	name: default
	...]
HHH000412: Hibernate Core {5.3.7.Final}
HHH000206: hibernate.properties not found
HCANN000001: Hibernate Commons Annotations {5.0.4.Final}
HHH000400: Using dialect: org.hibernate.dialect.MySQL5Dialect
Initialized JPA EntityManagerFactory for persistence unit 'default'
Initializing ExecutorService 'applicationTaskExecutor'
spring.jpa.open-in-view is enabled by default. Therefore, database queries may be performed during view rendering. Explicitly configure spring.jpa.open-in-view to disable this warning
Starting ProtocolHandler ["http-nio-8080"]
Using a shared selector for servlet write/read
Tomcat started on port(s): 8080 (http) with context path '/sell'
Started ShellApplication in 4.311 seconds (JVM running for 5.899)
Starting ShellApplication on home with PID 10656 (F:\ideaproject\shell\target\classes started by luokun in F:\ideaproject\shell)
No active profile set, falling back to default profiles: default
Bootstrapping Spring Data repositories in DEFAULT mode.
Finished Spring Data repository scanning in 76ms. Found 4 repository interfaces.
Bean 'org.springframework.transaction.annotation.ProxyTransactionManagementConfiguration' of type [org.springframework.transaction.annotation.ProxyTransactionManagementConfiguration$$EnhancerBySpringCGLIB$$8ca49bdb] is not eligible for getting processed by all BeanPostProcessors (for example: not eligible for auto-proxying)
Tomcat initialized with port(s): 8080 (http)
Initializing ProtocolHandler ["http-nio-8080"]
Starting service [Tomcat]
Starting Servlet Engine: Apache Tomcat/9.0.12
The APR based Apache Tomcat Native library which allows optimal performance in production environments was not found on the java.library.path: [E:\Program Files\Java\jdk1.8.0_91\bin;C:\Windows\Sun\Java\bin;C:\Windows\system32;C:\Windows;E:\Program Files\Java\jdk1.8.0_91\bin;C:\ProgramData\Oracle\Java\javapath;D:\jdk-8u91-windows-x64\jdk\bin;D:\软件\Maven\apache-maven-3.5.0-bin\apache-maven-3.5.0\bin;D:\Oracle\Oracle\app\oracle\product\11.2.0\server\bin;C:\Windows\system32;C:\Windows;C:\Windows\System32\Wbem;C:\Windows\System32\WindowsPowerShell\v1.0\;d:\SQL Server 2008 R2\Microsoft SQL Server86\100\Tools\Binn\;d:\SQL Server 2008 R2\100\Tools\Binn\;d:\SQL Server 2008 R2\100\DTS\Binn\;d:\SQL Server 2008 R2\Microsoft SQL Server86\100\Tools\Binn\VSShell\Common7\IDE\;d:\SQL Server 2008 R2\Microsoft SQL Server86\100\DTS\Binn\;D:\Mysql\mysql-5.6.33-winx64\bin;C:\Program Files\TortoiseSVN\bin;D:\Rational\Common;C:\Program Files (x86)\NVIDIA Corporation\PhysX\Common;C:\Program Files (x86)\nodejs\;D:\Maven\apache-maven-3.5.0\bin;D:\apache-tomcat-7.0.54\bin;E:\Program Files\natapp;C:\Users\luokun\AppData\Roaming\npm;.]
Initializing Spring embedded WebApplicationContext
Root WebApplicationContext: initialization completed in 3226 ms
Servlet dispatcherServlet mapped to [/]
Mapping filter: 'characterEncodingFilter' to: [/*]
Mapping filter: 'hiddenHttpMethodFilter' to: [/*]
Mapping filter: 'formContentFilter' to: [/*]
Mapping filter: 'requestContextFilter' to: [/*]
HikariPool-1 - Starting...
HikariPool-1 - Start completed.
HHH000204: Processing PersistenceUnitInfo [
	name: default
	...]
HHH000412: Hibernate Core {5.3.7.Final}
HHH000206: hibernate.properties not found
HCANN000001: Hibernate Commons Annotations {5.0.4.Final}
HHH000400: Using dialect: org.hibernate.dialect.MySQL5Dialect
Initialized JPA EntityManagerFactory for persistence unit 'default'
Initializing ExecutorService 'applicationTaskExecutor'
spring.jpa.open-in-view is enabled by default. Therefore, database queries may be performed during view rendering. Explicitly configure spring.jpa.open-in-view to disable this warning
Starting ProtocolHandler ["http-nio-8080"]
Using a shared selector for servlet write/read
Tomcat started on port(s): 8080 (http) with context path '/sell'
Started ShellApplication in 8.487 seconds (JVM running for 12.116)
Initializing Spring DispatcherServlet 'dispatcherServlet'
Initializing Servlet 'dispatcherServlet'
Completed initialization in 6 ms
HHH000397: Using ASTQueryTranslatorFactory
Starting ShellApplication on home with PID 11168 (F:\ideaproject\shell\target\classes started by luokun in F:\ideaproject\shell)
No active profile set, falling back to default profiles: default
Bootstrapping Spring Data repositories in DEFAULT mode.
Finished Spring Data repository scanning in 58ms. Found 4 repository interfaces.
Bean 'org.springframework.transaction.annotation.ProxyTransactionManagementConfiguration' of type [org.springframework.transaction.annotation.ProxyTransactionManagementConfiguration$$EnhancerBySpringCGLIB$$1bf5a5a0] is not eligible for getting processed by all BeanPostProcessors (for example: not eligible for auto-proxying)
Tomcat initialized with port(s): 8080 (http)
Initializing ProtocolHandler ["http-nio-8080"]
Starting service [Tomcat]
Starting Servlet Engine: Apache Tomcat/9.0.12
The APR based Apache Tomcat Native library which allows optimal performance in production environments was not found on the java.library.path: [E:\Program Files\Java\jdk1.8.0_91\bin;C:\Windows\Sun\Java\bin;C:\Windows\system32;C:\Windows;E:\Program Files\Java\jdk1.8.0_91\bin;C:\ProgramData\Oracle\Java\javapath;D:\jdk-8u91-windows-x64\jdk\bin;D:\软件\Maven\apache-maven-3.5.0-bin\apache-maven-3.5.0\bin;D:\Oracle\Oracle\app\oracle\product\11.2.0\server\bin;C:\Windows\system32;C:\Windows;C:\Windows\System32\Wbem;C:\Windows\System32\WindowsPowerShell\v1.0\;d:\SQL Server 2008 R2\Microsoft SQL Server86\100\Tools\Binn\;d:\SQL Server 2008 R2\100\Tools\Binn\;d:\SQL Server 2008 R2\100\DTS\Binn\;d:\SQL Server 2008 R2\Microsoft SQL Server86\100\Tools\Binn\VSShell\Common7\IDE\;d:\SQL Server 2008 R2\Microsoft SQL Server86\100\DTS\Binn\;D:\Mysql\mysql-5.6.33-winx64\bin;C:\Program Files\TortoiseSVN\bin;D:\Rational\Common;C:\Program Files (x86)\NVIDIA Corporation\PhysX\Common;C:\Program Files (x86)\nodejs\;D:\Maven\apache-maven-3.5.0\bin;D:\apache-tomcat-7.0.54\bin;E:\Program Files\natapp;C:\Users\luokun\AppData\Roaming\npm;.]
Initializing Spring embedded WebApplicationContext
Root WebApplicationContext: initialization completed in 1645 ms
Servlet dispatcherServlet mapped to [/]
Mapping filter: 'characterEncodingFilter' to: [/*]
Mapping filter: 'hiddenHttpMethodFilter' to: [/*]
Mapping filter: 'formContentFilter' to: [/*]
Mapping filter: 'requestContextFilter' to: [/*]
HikariPool-1 - Starting...
HikariPool-1 - Start completed.
HHH000204: Processing PersistenceUnitInfo [
	name: default
	...]
HHH000412: Hibernate Core {5.3.7.Final}
HHH000206: hibernate.properties not found
HCANN000001: Hibernate Commons Annotations {5.0.4.Final}
HHH000400: Using dialect: org.hibernate.dialect.MySQL5Dialect
Initialized JPA EntityManagerFactory for persistence unit 'default'
Initializing ExecutorService 'applicationTaskExecutor'
spring.jpa.open-in-view is enabled by default. Therefore, database queries may be performed during view rendering. Explicitly configure spring.jpa.open-in-view to disable this warning
Starting ProtocolHandler ["http-nio-8080"]
Using a shared selector for servlet write/read
Tomcat started on port(s): 8080 (http) with context path '/sell'
Started ShellApplication in 6.337 seconds (JVM running for 8.207)
Initializing Spring DispatcherServlet 'dispatcherServlet'
Initializing Servlet 'dispatcherServlet'
Completed initialization in 5 ms
HHH000397: Using ASTQueryTranslatorFactory
Starting ShellApplication on home with PID 6128 (F:\ideaproject\shell\target\classes started by luokun in F:\ideaproject\shell)
No active profile set, falling back to default profiles: default
Bootstrapping Spring Data repositories in DEFAULT mode.
Finished Spring Data repository scanning in 78ms. Found 4 repository interfaces.
Bean 'org.springframework.transaction.annotation.ProxyTransactionManagementConfiguration' of type [org.springframework.transaction.annotation.ProxyTransactionManagementConfiguration$$EnhancerBySpringCGLIB$$a8eebe11] is not eligible for getting processed by all BeanPostProcessors (for example: not eligible for auto-proxying)
Tomcat initialized with port(s): 8080 (http)
Initializing ProtocolHandler ["http-nio-8080"]
Starting service [Tomcat]
Starting Servlet Engine: Apache Tomcat/9.0.12
The APR based Apache Tomcat Native library which allows optimal performance in production environments was not found on the java.library.path: [E:\Program Files\Java\jdk1.8.0_91\bin;C:\Windows\Sun\Java\bin;C:\Windows\system32;C:\Windows;E:\Program Files\Java\jdk1.8.0_91\bin;C:\ProgramData\Oracle\Java\javapath;D:\jdk-8u91-windows-x64\jdk\bin;D:\软件\Maven\apache-maven-3.5.0-bin\apache-maven-3.5.0\bin;D:\Oracle\Oracle\app\oracle\product\11.2.0\server\bin;C:\Windows\system32;C:\Windows;C:\Windows\System32\Wbem;C:\Windows\System32\WindowsPowerShell\v1.0\;d:\SQL Server 2008 R2\Microsoft SQL Server86\100\Tools\Binn\;d:\SQL Server 2008 R2\100\Tools\Binn\;d:\SQL Server 2008 R2\100\DTS\Binn\;d:\SQL Server 2008 R2\Microsoft SQL Server86\100\Tools\Binn\VSShell\Common7\IDE\;d:\SQL Server 2008 R2\Microsoft SQL Server86\100\DTS\Binn\;D:\Mysql\mysql-5.6.33-winx64\bin;C:\Program Files\TortoiseSVN\bin;D:\Rational\Common;C:\Program Files (x86)\NVIDIA Corporation\PhysX\Common;C:\Program Files (x86)\nodejs\;D:\Maven\apache-maven-3.5.0\bin;D:\apache-tomcat-7.0.54\bin;E:\Program Files\natapp;C:\Users\luokun\AppData\Roaming\npm;.]
Initializing Spring embedded WebApplicationContext
Root WebApplicationContext: initialization completed in 2535 ms
Servlet dispatcherServlet mapped to [/]
Mapping filter: 'characterEncodingFilter' to: [/*]
Mapping filter: 'hiddenHttpMethodFilter' to: [/*]
Mapping filter: 'formContentFilter' to: [/*]
Mapping filter: 'requestContextFilter' to: [/*]
HikariPool-1 - Starting...
HikariPool-1 - Start completed.
HHH000204: Processing PersistenceUnitInfo [
	name: default
	...]
HHH000412: Hibernate Core {5.3.7.Final}
HHH000206: hibernate.properties not found
HCANN000001: Hibernate Commons Annotations {5.0.4.Final}
HHH000400: Using dialect: org.hibernate.dialect.MySQL5Dialect
Initialized JPA EntityManagerFactory for persistence unit 'default'
Initializing ExecutorService 'applicationTaskExecutor'
spring.jpa.open-in-view is enabled by default. Therefore, database queries may be performed during view rendering. Explicitly configure spring.jpa.open-in-view to disable this warning
Starting ProtocolHandler ["http-nio-8080"]
Using a shared selector for servlet write/read
Tomcat started on port(s): 8080 (http) with context path '/sell'
Started ShellApplication in 6.484 seconds (JVM running for 9.102)
Initializing Spring DispatcherServlet 'dispatcherServlet'
Initializing Servlet 'dispatcherServlet'
Completed initialization in 5 ms
HHH000397: Using ASTQueryTranslatorFactory
Starting ShellApplication on home with PID 9116 (F:\ideaproject\shell\target\classes started by luokun in F:\ideaproject\shell)
No active profile set, falling back to default profiles: default
Bootstrapping Spring Data repositories in DEFAULT mode.
Finished Spring Data repository scanning in 133ms. Found 4 repository interfaces.
Bean 'org.springframework.transaction.annotation.ProxyTransactionManagementConfiguration' of type [org.springframework.transaction.annotation.ProxyTransactionManagementConfiguration$$EnhancerBySpringCGLIB$$a4976db4] is not eligible for getting processed by all BeanPostProcessors (for example: not eligible for auto-proxying)
Tomcat initialized with port(s): 8080 (http)
Initializing ProtocolHandler ["http-nio-8080"]
Starting service [Tomcat]
Starting Servlet Engine: Apache Tomcat/9.0.12
The APR based Apache Tomcat Native library which allows optimal performance in production environments was not found on the java.library.path: [E:\Program Files\Java\jdk1.8.0_91\bin;C:\Windows\Sun\Java\bin;C:\Windows\system32;C:\Windows;E:\Program Files\Java\jdk1.8.0_91\bin;C:\ProgramData\Oracle\Java\javapath;D:\jdk-8u91-windows-x64\jdk\bin;D:\软件\Maven\apache-maven-3.5.0-bin\apache-maven-3.5.0\bin;D:\Oracle\Oracle\app\oracle\product\11.2.0\server\bin;C:\Windows\system32;C:\Windows;C:\Windows\System32\Wbem;C:\Windows\System32\WindowsPowerShell\v1.0\;d:\SQL Server 2008 R2\Microsoft SQL Server86\100\Tools\Binn\;d:\SQL Server 2008 R2\100\Tools\Binn\;d:\SQL Server 2008 R2\100\DTS\Binn\;d:\SQL Server 2008 R2\Microsoft SQL Server86\100\Tools\Binn\VSShell\Common7\IDE\;d:\SQL Server 2008 R2\Microsoft SQL Server86\100\DTS\Binn\;D:\Mysql\mysql-5.6.33-winx64\bin;C:\Program Files\TortoiseSVN\bin;D:\Rational\Common;C:\Program Files (x86)\NVIDIA Corporation\PhysX\Common;C:\Program Files (x86)\nodejs\;D:\Maven\apache-maven-3.5.0\bin;D:\apache-tomcat-7.0.54\bin;E:\Program Files\natapp;C:\Users\luokun\AppData\Roaming\npm;.]
Initializing Spring embedded WebApplicationContext
Root WebApplicationContext: initialization completed in 1555 ms
Servlet dispatcherServlet mapped to [/]
Mapping filter: 'characterEncodingFilter' to: [/*]
Mapping filter: 'hiddenHttpMethodFilter' to: [/*]
Mapping filter: 'formContentFilter' to: [/*]
Mapping filter: 'requestContextFilter' to: [/*]
HikariPool-1 - Starting...
HikariPool-1 - Start completed.
HHH000204: Processing PersistenceUnitInfo [
	name: default
	...]
HHH000412: Hibernate Core {5.3.7.Final}
HHH000206: hibernate.properties not found
HCANN000001: Hibernate Commons Annotations {5.0.4.Final}
HHH000400: Using dialect: org.hibernate.dialect.MySQL5Dialect
Initialized JPA EntityManagerFactory for persistence unit 'default'
Initializing ExecutorService 'applicationTaskExecutor'
spring.jpa.open-in-view is enabled by default. Therefore, database queries may be performed during view rendering. Explicitly configure spring.jpa.open-in-view to disable this warning
Starting ProtocolHandler ["http-nio-8080"]
Using a shared selector for servlet write/read
Tomcat started on port(s): 8080 (http) with context path '/sell'
Started ShellApplication in 4.81 seconds (JVM running for 6.215)
Initializing Spring DispatcherServlet 'dispatcherServlet'
Initializing Servlet 'dispatcherServlet'
Completed initialization in 6 ms
HHH000397: Using ASTQueryTranslatorFactory
Starting ShellApplication on home with PID 10880 (F:\ideaproject\shell\target\classes started by luokun in F:\ideaproject\shell)
No active profile set, falling back to default profiles: default
Bootstrapping Spring Data repositories in DEFAULT mode.
Finished Spring Data repository scanning in 65ms. Found 4 repository interfaces.
Bean 'org.springframework.transaction.annotation.ProxyTransactionManagementConfiguration' of type [org.springframework.transaction.annotation.ProxyTransactionManagementConfiguration$$EnhancerBySpringCGLIB$$8628216f] is not eligible for getting processed by all BeanPostProcessors (for example: not eligible for auto-proxying)
Tomcat initialized with port(s): 8080 (http)
Initializing ProtocolHandler ["http-nio-8080"]
Starting service [Tomcat]
Starting Servlet Engine: Apache Tomcat/9.0.12
The APR based Apache Tomcat Native library which allows optimal performance in production environments was not found on the java.library.path: [E:\Program Files\Java\jdk1.8.0_91\bin;C:\Windows\Sun\Java\bin;C:\Windows\system32;C:\Windows;E:\Program Files\Java\jdk1.8.0_91\bin;C:\ProgramData\Oracle\Java\javapath;D:\jdk-8u91-windows-x64\jdk\bin;D:\软件\Maven\apache-maven-3.5.0-bin\apache-maven-3.5.0\bin;D:\Oracle\Oracle\app\oracle\product\11.2.0\server\bin;C:\Windows\system32;C:\Windows;C:\Windows\System32\Wbem;C:\Windows\System32\WindowsPowerShell\v1.0\;d:\SQL Server 2008 R2\Microsoft SQL Server86\100\Tools\Binn\;d:\SQL Server 2008 R2\100\Tools\Binn\;d:\SQL Server 2008 R2\100\DTS\Binn\;d:\SQL Server 2008 R2\Microsoft SQL Server86\100\Tools\Binn\VSShell\Common7\IDE\;d:\SQL Server 2008 R2\Microsoft SQL Server86\100\DTS\Binn\;D:\Mysql\mysql-5.6.33-winx64\bin;C:\Program Files\TortoiseSVN\bin;D:\Rational\Common;C:\Program Files (x86)\NVIDIA Corporation\PhysX\Common;C:\Program Files (x86)\nodejs\;D:\Maven\apache-maven-3.5.0\bin;D:\apache-tomcat-7.0.54\bin;E:\Program Files\natapp;C:\Users\luokun\AppData\Roaming\npm;.]
Initializing Spring embedded WebApplicationContext
Root WebApplicationContext: initialization completed in 1635 ms
Servlet dispatcherServlet mapped to [/]
Mapping filter: 'characterEncodingFilter' to: [/*]
Mapping filter: 'hiddenHttpMethodFilter' to: [/*]
Mapping filter: 'formContentFilter' to: [/*]
Mapping filter: 'requestContextFilter' to: [/*]
HikariPool-1 - Starting...
HikariPool-1 - Start completed.
HHH000204: Processing PersistenceUnitInfo [
	name: default
	...]
HHH000412: Hibernate Core {5.3.7.Final}
HHH000206: hibernate.properties not found
HCANN000001: Hibernate Commons Annotations {5.0.4.Final}
HHH000400: Using dialect: org.hibernate.dialect.MySQL5Dialect
Initialized JPA EntityManagerFactory for persistence unit 'default'
Initializing ExecutorService 'applicationTaskExecutor'
spring.jpa.open-in-view is enabled by default. Therefore, database queries may be performed during view rendering. Explicitly configure spring.jpa.open-in-view to disable this warning
Starting ProtocolHandler ["http-nio-8080"]
Using a shared selector for servlet write/read
Tomcat started on port(s): 8080 (http) with context path '/sell'
Started ShellApplication in 5.708 seconds (JVM running for 7.526)
Initializing Spring DispatcherServlet 'dispatcherServlet'
Initializing Servlet 'dispatcherServlet'
Completed initialization in 5 ms
HHH000397: Using ASTQueryTranslatorFactory
Starting ShellApplication on home with PID 10928 (F:\ideaproject\shell\target\classes started by luokun in F:\ideaproject\shell)
No active profile set, falling back to default profiles: default
Bootstrapping Spring Data repositories in DEFAULT mode.
Finished Spring Data repository scanning in 58ms. Found 4 repository interfaces.
Bean 'org.springframework.transaction.annotation.ProxyTransactionManagementConfiguration' of type [org.springframework.transaction.annotation.ProxyTransactionManagementConfiguration$$EnhancerBySpringCGLIB$$abd7a297] is not eligible for getting processed by all BeanPostProcessors (for example: not eligible for auto-proxying)
Tomcat initialized with port(s): 8080 (http)
Initializing ProtocolHandler ["http-nio-8080"]
Starting service [Tomcat]
Starting Servlet Engine: Apache Tomcat/9.0.12
The APR based Apache Tomcat Native library which allows optimal performance in production environments was not found on the java.library.path: [E:\Program Files\Java\jdk1.8.0_91\bin;C:\Windows\Sun\Java\bin;C:\Windows\system32;C:\Windows;E:\Program Files\Java\jdk1.8.0_91\bin;C:\ProgramData\Oracle\Java\javapath;D:\jdk-8u91-windows-x64\jdk\bin;D:\软件\Maven\apache-maven-3.5.0-bin\apache-maven-3.5.0\bin;D:\Oracle\Oracle\app\oracle\product\11.2.0\server\bin;C:\Windows\system32;C:\Windows;C:\Windows\System32\Wbem;C:\Windows\System32\WindowsPowerShell\v1.0\;d:\SQL Server 2008 R2\Microsoft SQL Server86\100\Tools\Binn\;d:\SQL Server 2008 R2\100\Tools\Binn\;d:\SQL Server 2008 R2\100\DTS\Binn\;d:\SQL Server 2008 R2\Microsoft SQL Server86\100\Tools\Binn\VSShell\Common7\IDE\;d:\SQL Server 2008 R2\Microsoft SQL Server86\100\DTS\Binn\;D:\Mysql\mysql-5.6.33-winx64\bin;C:\Program Files\TortoiseSVN\bin;D:\Rational\Common;C:\Program Files (x86)\NVIDIA Corporation\PhysX\Common;C:\Program Files (x86)\nodejs\;D:\Maven\apache-maven-3.5.0\bin;D:\apache-tomcat-7.0.54\bin;E:\Program Files\natapp;C:\Users\luokun\AppData\Roaming\npm;.]
Initializing Spring embedded WebApplicationContext
Root WebApplicationContext: initialization completed in 1583 ms
Servlet dispatcherServlet mapped to [/]
Mapping filter: 'characterEncodingFilter' to: [/*]
Mapping filter: 'hiddenHttpMethodFilter' to: [/*]
Mapping filter: 'formContentFilter' to: [/*]
Mapping filter: 'requestContextFilter' to: [/*]
HikariPool-1 - Starting...
HikariPool-1 - Start completed.
HHH000204: Processing PersistenceUnitInfo [
	name: default
	...]
HHH000412: Hibernate Core {5.3.7.Final}
HHH000206: hibernate.properties not found
HCANN000001: Hibernate Commons Annotations {5.0.4.Final}
HHH000400: Using dialect: org.hibernate.dialect.MySQL5Dialect
Initialized JPA EntityManagerFactory for persistence unit 'default'
Initializing ExecutorService 'applicationTaskExecutor'
spring.jpa.open-in-view is enabled by default. Therefore, database queries may be performed during view rendering. Explicitly configure spring.jpa.open-in-view to disable this warning
Starting ProtocolHandler ["http-nio-8080"]
Using a shared selector for servlet write/read
Tomcat started on port(s): 8080 (http) with context path '/sell'
Started ShellApplication in 6.235 seconds (JVM running for 8.661)
Initializing Spring DispatcherServlet 'dispatcherServlet'
Initializing Servlet 'dispatcherServlet'
Completed initialization in 7 ms
HHH000397: Using ASTQueryTranslatorFactory
Starting ShellApplication on home with PID 10772 (F:\ideaproject\shell\target\classes started by luokun in F:\ideaproject\shell)
No active profile set, falling back to default profiles: default
Bootstrapping Spring Data repositories in DEFAULT mode.
Finished Spring Data repository scanning in 66ms. Found 4 repository interfaces.
Bean 'org.springframework.transaction.annotation.ProxyTransactionManagementConfiguration' of type [org.springframework.transaction.annotation.ProxyTransactionManagementConfiguration$$EnhancerBySpringCGLIB$$82a648ec] is not eligible for getting processed by all BeanPostProcessors (for example: not eligible for auto-proxying)
Tomcat initialized with port(s): 8080 (http)
Initializing ProtocolHandler ["http-nio-8080"]
Starting service [Tomcat]
Starting Servlet Engine: Apache Tomcat/9.0.12
The APR based Apache Tomcat Native library which allows optimal performance in production environments was not found on the java.library.path: [E:\Program Files\Java\jdk1.8.0_91\bin;C:\Windows\Sun\Java\bin;C:\Windows\system32;C:\Windows;E:\Program Files\Java\jdk1.8.0_91\bin;C:\ProgramData\Oracle\Java\javapath;D:\jdk-8u91-windows-x64\jdk\bin;D:\软件\Maven\apache-maven-3.5.0-bin\apache-maven-3.5.0\bin;D:\Oracle\Oracle\app\oracle\product\11.2.0\server\bin;C:\Windows\system32;C:\Windows;C:\Windows\System32\Wbem;C:\Windows\System32\WindowsPowerShell\v1.0\;d:\SQL Server 2008 R2\Microsoft SQL Server86\100\Tools\Binn\;d:\SQL Server 2008 R2\100\Tools\Binn\;d:\SQL Server 2008 R2\100\DTS\Binn\;d:\SQL Server 2008 R2\Microsoft SQL Server86\100\Tools\Binn\VSShell\Common7\IDE\;d:\SQL Server 2008 R2\Microsoft SQL Server86\100\DTS\Binn\;D:\Mysql\mysql-5.6.33-winx64\bin;C:\Program Files\TortoiseSVN\bin;D:\Rational\Common;C:\Program Files (x86)\NVIDIA Corporation\PhysX\Common;C:\Program Files (x86)\nodejs\;D:\Maven\apache-maven-3.5.0\bin;D:\apache-tomcat-7.0.54\bin;E:\Program Files\natapp;C:\Users\luokun\AppData\Roaming\npm;.]
Initializing Spring embedded WebApplicationContext
Root WebApplicationContext: initialization completed in 1397 ms
Servlet dispatcherServlet mapped to [/]
Mapping filter: 'characterEncodingFilter' to: [/*]
Mapping filter: 'hiddenHttpMethodFilter' to: [/*]
Mapping filter: 'formContentFilter' to: [/*]
Mapping filter: 'requestContextFilter' to: [/*]
HikariPool-1 - Starting...
HikariPool-1 - Start completed.
HHH000204: Processing PersistenceUnitInfo [
	name: default
	...]
HHH000412: Hibernate Core {5.3.7.Final}
HHH000206: hibernate.properties not found
HCANN000001: Hibernate Commons Annotations {5.0.4.Final}
HHH000400: Using dialect: org.hibernate.dialect.MySQL5Dialect
Initialized JPA EntityManagerFactory for persistence unit 'default'
Initializing ExecutorService 'applicationTaskExecutor'
spring.jpa.open-in-view is enabled by default. Therefore, database queries may be performed during view rendering. Explicitly configure spring.jpa.open-in-view to disable this warning
Starting ProtocolHandler ["http-nio-8080"]
Using a shared selector for servlet write/read
Tomcat started on port(s): 8080 (http) with context path '/sell'
Started ShellApplication in 4.976 seconds (JVM running for 6.727)
Initializing Spring DispatcherServlet 'dispatcherServlet'
Initializing Servlet 'dispatcherServlet'
Completed initialization in 6 ms
HHH000397: Using ASTQueryTranslatorFactory
Starting ShellApplication on home with PID 8608 (F:\ideaproject\shell\target\classes started by luokun in F:\ideaproject\shell)
No active profile set, falling back to default profiles: default
Bootstrapping Spring Data repositories in DEFAULT mode.
Finished Spring Data repository scanning in 69ms. Found 4 repository interfaces.
Bean 'org.springframework.transaction.annotation.ProxyTransactionManagementConfiguration' of type [org.springframework.transaction.annotation.ProxyTransactionManagementConfiguration$$EnhancerBySpringCGLIB$$6b059d34] is not eligible for getting processed by all BeanPostProcessors (for example: not eligible for auto-proxying)
Tomcat initialized with port(s): 8080 (http)
Initializing ProtocolHandler ["http-nio-8080"]
Starting service [Tomcat]
Starting Servlet Engine: Apache Tomcat/9.0.12
The APR based Apache Tomcat Native library which allows optimal performance in production environments was not found on the java.library.path: [E:\Program Files\Java\jdk1.8.0_91\bin;C:\Windows\Sun\Java\bin;C:\Windows\system32;C:\Windows;E:\Program Files\Java\jdk1.8.0_91\bin;C:\ProgramData\Oracle\Java\javapath;D:\jdk-8u91-windows-x64\jdk\bin;D:\软件\Maven\apache-maven-3.5.0-bin\apache-maven-3.5.0\bin;D:\Oracle\Oracle\app\oracle\product\11.2.0\server\bin;C:\Windows\system32;C:\Windows;C:\Windows\System32\Wbem;C:\Windows\System32\WindowsPowerShell\v1.0\;d:\SQL Server 2008 R2\Microsoft SQL Server86\100\Tools\Binn\;d:\SQL Server 2008 R2\100\Tools\Binn\;d:\SQL Server 2008 R2\100\DTS\Binn\;d:\SQL Server 2008 R2\Microsoft SQL Server86\100\Tools\Binn\VSShell\Common7\IDE\;d:\SQL Server 2008 R2\Microsoft SQL Server86\100\DTS\Binn\;D:\Mysql\mysql-5.6.33-winx64\bin;C:\Program Files\TortoiseSVN\bin;D:\Rational\Common;C:\Program Files (x86)\NVIDIA Corporation\PhysX\Common;C:\Program Files (x86)\nodejs\;D:\Maven\apache-maven-3.5.0\bin;D:\apache-tomcat-7.0.54\bin;E:\Program Files\natapp;C:\Users\luokun\AppData\Roaming\npm;.]
Initializing Spring embedded WebApplicationContext
Root WebApplicationContext: initialization completed in 1376 ms
Servlet dispatcherServlet mapped to [/]
Mapping filter: 'characterEncodingFilter' to: [/*]
Mapping filter: 'hiddenHttpMethodFilter' to: [/*]
Mapping filter: 'formContentFilter' to: [/*]
Mapping filter: 'requestContextFilter' to: [/*]
HikariPool-1 - Starting...
HikariPool-1 - Start completed.
HHH000204: Processing PersistenceUnitInfo [
	name: default
	...]
HHH000412: Hibernate Core {5.3.7.Final}
HHH000206: hibernate.properties not found
HCANN000001: Hibernate Commons Annotations {5.0.4.Final}
HHH000400: Using dialect: org.hibernate.dialect.MySQL5Dialect
Initialized JPA EntityManagerFactory for persistence unit 'default'
Initializing ExecutorService 'applicationTaskExecutor'
spring.jpa.open-in-view is enabled by default. Therefore, database queries may be performed during view rendering. Explicitly configure spring.jpa.open-in-view to disable this warning
Starting ProtocolHandler ["http-nio-8080"]
Using a shared selector for servlet write/read
Tomcat started on port(s): 8080 (http) with context path '/sell'
Started ShellApplication in 4.97 seconds (JVM running for 7.567)
Initializing Spring DispatcherServlet 'dispatcherServlet'
Initializing Servlet 'dispatcherServlet'
Completed initialization in 16 ms
HHH000397: Using ASTQueryTranslatorFactory
HikariPool-1 - Thread starvation or clock leap detected (housekeeper delta=1m4s828ms880µs289ns).
HikariPool-1 - Thread starvation or clock leap detected (housekeeper delta=45s122ms178µs987ns).
Starting ShellApplication on home with PID 8508 (F:\ideaproject\shell\target\classes started by luokun in F:\ideaproject\shell)
No active profile set, falling back to default profiles: default
Bootstrapping Spring Data repositories in DEFAULT mode.
Finished Spring Data repository scanning in 74ms. Found 4 repository interfaces.
Bean 'org.springframework.transaction.annotation.ProxyTransactionManagementConfiguration' of type [org.springframework.transaction.annotation.ProxyTransactionManagementConfiguration$$EnhancerBySpringCGLIB$$13ec0621] is not eligible for getting processed by all BeanPostProcessors (for example: not eligible for auto-proxying)
Tomcat initialized with port(s): 8080 (http)
Initializing ProtocolHandler ["http-nio-8080"]
Starting service [Tomcat]
Starting Servlet Engine: Apache Tomcat/9.0.12
The APR based Apache Tomcat Native library which allows optimal performance in production environments was not found on the java.library.path: [E:\Program Files\Java\jdk1.8.0_91\bin;C:\Windows\Sun\Java\bin;C:\Windows\system32;C:\Windows;E:\Program Files\Java\jdk1.8.0_91\bin;C:\ProgramData\Oracle\Java\javapath;D:\jdk-8u91-windows-x64\jdk\bin;D:\软件\Maven\apache-maven-3.5.0-bin\apache-maven-3.5.0\bin;D:\Oracle\Oracle\app\oracle\product\11.2.0\server\bin;C:\Windows\system32;C:\Windows;C:\Windows\System32\Wbem;C:\Windows\System32\WindowsPowerShell\v1.0\;d:\SQL Server 2008 R2\Microsoft SQL Server86\100\Tools\Binn\;d:\SQL Server 2008 R2\100\Tools\Binn\;d:\SQL Server 2008 R2\100\DTS\Binn\;d:\SQL Server 2008 R2\Microsoft SQL Server86\100\Tools\Binn\VSShell\Common7\IDE\;d:\SQL Server 2008 R2\Microsoft SQL Server86\100\DTS\Binn\;D:\Mysql\mysql-5.6.33-winx64\bin;C:\Program Files\TortoiseSVN\bin;D:\Rational\Common;C:\Program Files (x86)\NVIDIA Corporation\PhysX\Common;C:\Program Files (x86)\nodejs\;D:\Maven\apache-maven-3.5.0\bin;D:\apache-tomcat-7.0.54\bin;E:\Program Files\natapp;C:\Users\luokun\AppData\Roaming\npm;.]
Initializing Spring embedded WebApplicationContext
Root WebApplicationContext: initialization completed in 1810 ms
Servlet dispatcherServlet mapped to [/]
Mapping filter: 'characterEncodingFilter' to: [/*]
Mapping filter: 'hiddenHttpMethodFilter' to: [/*]
Mapping filter: 'formContentFilter' to: [/*]
Mapping filter: 'requestContextFilter' to: [/*]
HikariPool-1 - Starting...
HikariPool-1 - Start completed.
HHH000204: Processing PersistenceUnitInfo [
	name: default
	...]
HHH000412: Hibernate Core {5.3.7.Final}
HHH000206: hibernate.properties not found
HCANN000001: Hibernate Commons Annotations {5.0.4.Final}
HHH000400: Using dialect: org.hibernate.dialect.MySQL5Dialect
Initialized JPA EntityManagerFactory for persistence unit 'default'
Initializing ExecutorService 'applicationTaskExecutor'
spring.jpa.open-in-view is enabled by default. Therefore, database queries may be performed during view rendering. Explicitly configure spring.jpa.open-in-view to disable this warning
Starting ProtocolHandler ["http-nio-8080"]
Using a shared selector for servlet write/read
Tomcat started on port(s): 8080 (http) with context path '/sell'
Started ShellApplication in 6.026 seconds (JVM running for 8.208)
Starting ShellApplication on home with PID 504 (F:\ideaproject\shell\target\classes started by luokun in F:\ideaproject\shell)
No active profile set, falling back to default profiles: default
Bootstrapping Spring Data repositories in DEFAULT mode.
Finished Spring Data repository scanning in 59ms. Found 4 repository interfaces.
Bean 'org.springframework.transaction.annotation.ProxyTransactionManagementConfiguration' of type [org.springframework.transaction.annotation.ProxyTransactionManagementConfiguration$$EnhancerBySpringCGLIB$$49cd6a0f] is not eligible for getting processed by all BeanPostProcessors (for example: not eligible for auto-proxying)
Tomcat initialized with port(s): 8080 (http)
Initializing ProtocolHandler ["http-nio-8080"]
Starting service [Tomcat]
Starting Servlet Engine: Apache Tomcat/9.0.12
The APR based Apache Tomcat Native library which allows optimal performance in production environments was not found on the java.library.path: [E:\Program Files\Java\jdk1.8.0_91\bin;C:\Windows\Sun\Java\bin;C:\Windows\system32;C:\Windows;E:\Program Files\Java\jdk1.8.0_91\bin;C:\ProgramData\Oracle\Java\javapath;D:\jdk-8u91-windows-x64\jdk\bin;D:\软件\Maven\apache-maven-3.5.0-bin\apache-maven-3.5.0\bin;D:\Oracle\Oracle\app\oracle\product\11.2.0\server\bin;C:\Windows\system32;C:\Windows;C:\Windows\System32\Wbem;C:\Windows\System32\WindowsPowerShell\v1.0\;d:\SQL Server 2008 R2\Microsoft SQL Server86\100\Tools\Binn\;d:\SQL Server 2008 R2\100\Tools\Binn\;d:\SQL Server 2008 R2\100\DTS\Binn\;d:\SQL Server 2008 R2\Microsoft SQL Server86\100\Tools\Binn\VSShell\Common7\IDE\;d:\SQL Server 2008 R2\Microsoft SQL Server86\100\DTS\Binn\;D:\Mysql\mysql-5.6.33-winx64\bin;C:\Program Files\TortoiseSVN\bin;D:\Rational\Common;C:\Program Files (x86)\NVIDIA Corporation\PhysX\Common;C:\Program Files (x86)\nodejs\;D:\Maven\apache-maven-3.5.0\bin;D:\apache-tomcat-7.0.54\bin;E:\Program Files\natapp;C:\Users\luokun\AppData\Roaming\npm;.]
Initializing Spring embedded WebApplicationContext
Root WebApplicationContext: initialization completed in 1072 ms
Servlet dispatcherServlet mapped to [/]
Mapping filter: 'characterEncodingFilter' to: [/*]
Mapping filter: 'hiddenHttpMethodFilter' to: [/*]
Mapping filter: 'formContentFilter' to: [/*]
Mapping filter: 'requestContextFilter' to: [/*]
HikariPool-1 - Starting...
HikariPool-1 - Start completed.
HHH000204: Processing PersistenceUnitInfo [
	name: default
	...]
HHH000412: Hibernate Core {5.3.7.Final}
HHH000206: hibernate.properties not found
HCANN000001: Hibernate Commons Annotations {5.0.4.Final}
HHH000400: Using dialect: org.hibernate.dialect.MySQL5Dialect
Initialized JPA EntityManagerFactory for persistence unit 'default'
Initializing ExecutorService 'applicationTaskExecutor'
spring.jpa.open-in-view is enabled by default. Therefore, database queries may be performed during view rendering. Explicitly configure spring.jpa.open-in-view to disable this warning
Starting ProtocolHandler ["http-nio-8080"]
Using a shared selector for servlet write/read
Tomcat started on port(s): 8080 (http) with context path '/sell'
Started ShellApplication in 3.534 seconds (JVM running for 5.566)
Initializing Spring DispatcherServlet 'dispatcherServlet'
Initializing Servlet 'dispatcherServlet'
Completed initialization in 6 ms
HHH000397: Using ASTQueryTranslatorFactory
Starting ShellApplication on home with PID 8696 (F:\ideaproject\shell\target\classes started by luokun in F:\ideaproject\shell)
No active profile set, falling back to default profiles: default
Bootstrapping Spring Data repositories in DEFAULT mode.
Finished Spring Data repository scanning in 63ms. Found 4 repository interfaces.
Bean 'org.springframework.transaction.annotation.ProxyTransactionManagementConfiguration' of type [org.springframework.transaction.annotation.ProxyTransactionManagementConfiguration$$EnhancerBySpringCGLIB$$60383cbb] is not eligible for getting processed by all BeanPostProcessors (for example: not eligible for auto-proxying)
Tomcat initialized with port(s): 8080 (http)
Initializing ProtocolHandler ["http-nio-8080"]
Starting service [Tomcat]
Starting Servlet Engine: Apache Tomcat/9.0.12
The APR based Apache Tomcat Native library which allows optimal performance in production environments was not found on the java.library.path: [E:\Program Files\Java\jdk1.8.0_91\bin;C:\Windows\Sun\Java\bin;C:\Windows\system32;C:\Windows;E:\Program Files\Java\jdk1.8.0_91\bin;C:\ProgramData\Oracle\Java\javapath;D:\jdk-8u91-windows-x64\jdk\bin;D:\软件\Maven\apache-maven-3.5.0-bin\apache-maven-3.5.0\bin;D:\Oracle\Oracle\app\oracle\product\11.2.0\server\bin;C:\Windows\system32;C:\Windows;C:\Windows\System32\Wbem;C:\Windows\System32\WindowsPowerShell\v1.0\;d:\SQL Server 2008 R2\Microsoft SQL Server86\100\Tools\Binn\;d:\SQL Server 2008 R2\100\Tools\Binn\;d:\SQL Server 2008 R2\100\DTS\Binn\;d:\SQL Server 2008 R2\Microsoft SQL Server86\100\Tools\Binn\VSShell\Common7\IDE\;d:\SQL Server 2008 R2\Microsoft SQL Server86\100\DTS\Binn\;D:\Mysql\mysql-5.6.33-winx64\bin;C:\Program Files\TortoiseSVN\bin;D:\Rational\Common;C:\Program Files (x86)\NVIDIA Corporation\PhysX\Common;C:\Program Files (x86)\nodejs\;D:\Maven\apache-maven-3.5.0\bin;D:\apache-tomcat-7.0.54\bin;E:\Program Files\natapp;C:\Users\luokun\AppData\Roaming\npm;.]
Initializing Spring embedded WebApplicationContext
Root WebApplicationContext: initialization completed in 1729 ms
Servlet dispatcherServlet mapped to [/]
Mapping filter: 'characterEncodingFilter' to: [/*]
Mapping filter: 'hiddenHttpMethodFilter' to: [/*]
Mapping filter: 'formContentFilter' to: [/*]
Mapping filter: 'requestContextFilter' to: [/*]
HikariPool-1 - Starting...
HikariPool-1 - Start completed.
HHH000204: Processing PersistenceUnitInfo [
	name: default
	...]
HHH000412: Hibernate Core {5.3.7.Final}
HHH000206: hibernate.properties not found
HCANN000001: Hibernate Commons Annotations {5.0.4.Final}
HHH000400: Using dialect: org.hibernate.dialect.MySQL5Dialect
Initialized JPA EntityManagerFactory for persistence unit 'default'
Initializing ExecutorService 'applicationTaskExecutor'
spring.jpa.open-in-view is enabled by default. Therefore, database queries may be performed during view rendering. Explicitly configure spring.jpa.open-in-view to disable this warning
Starting ProtocolHandler ["http-nio-8080"]
Using a shared selector for servlet write/read
Tomcat started on port(s): 8080 (http) with context path '/sell'
Started ShellApplication in 6.897 seconds (JVM running for 9.376)
Initializing Spring DispatcherServlet 'dispatcherServlet'
Initializing Servlet 'dispatcherServlet'
Completed initialization in 7 ms
HHH000397: Using ASTQueryTranslatorFactory
Starting ShellApplication on home with PID 5468 (F:\ideaproject\shell\target\classes started by luokun in F:\ideaproject\shell)
No active profile set, falling back to default profiles: default
Bootstrapping Spring Data repositories in DEFAULT mode.
Finished Spring Data repository scanning in 60ms. Found 4 repository interfaces.
Bean 'org.springframework.transaction.annotation.ProxyTransactionManagementConfiguration' of type [org.springframework.transaction.annotation.ProxyTransactionManagementConfiguration$$EnhancerBySpringCGLIB$$49cd6a0f] is not eligible for getting processed by all BeanPostProcessors (for example: not eligible for auto-proxying)
Tomcat initialized with port(s): 8080 (http)
Initializing ProtocolHandler ["http-nio-8080"]
Starting service [Tomcat]
Starting Servlet Engine: Apache Tomcat/9.0.12
The APR based Apache Tomcat Native library which allows optimal performance in production environments was not found on the java.library.path: [E:\Program Files\Java\jdk1.8.0_91\bin;C:\Windows\Sun\Java\bin;C:\Windows\system32;C:\Windows;E:\Program Files\Java\jdk1.8.0_91\bin;C:\ProgramData\Oracle\Java\javapath;D:\jdk-8u91-windows-x64\jdk\bin;D:\软件\Maven\apache-maven-3.5.0-bin\apache-maven-3.5.0\bin;D:\Oracle\Oracle\app\oracle\product\11.2.0\server\bin;C:\Windows\system32;C:\Windows;C:\Windows\System32\Wbem;C:\Windows\System32\WindowsPowerShell\v1.0\;d:\SQL Server 2008 R2\Microsoft SQL Server86\100\Tools\Binn\;d:\SQL Server 2008 R2\100\Tools\Binn\;d:\SQL Server 2008 R2\100\DTS\Binn\;d:\SQL Server 2008 R2\Microsoft SQL Server86\100\Tools\Binn\VSShell\Common7\IDE\;d:\SQL Server 2008 R2\Microsoft SQL Server86\100\DTS\Binn\;D:\Mysql\mysql-5.6.33-winx64\bin;C:\Program Files\TortoiseSVN\bin;D:\Rational\Common;C:\Program Files (x86)\NVIDIA Corporation\PhysX\Common;C:\Program Files (x86)\nodejs\;D:\Maven\apache-maven-3.5.0\bin;D:\apache-tomcat-7.0.54\bin;E:\Program Files\natapp;C:\Users\luokun\AppData\Roaming\npm;.]
Initializing Spring embedded WebApplicationContext
Root WebApplicationContext: initialization completed in 1603 ms
Servlet dispatcherServlet mapped to [/]
Mapping filter: 'characterEncodingFilter' to: [/*]
Mapping filter: 'hiddenHttpMethodFilter' to: [/*]
Mapping filter: 'formContentFilter' to: [/*]
Mapping filter: 'requestContextFilter' to: [/*]
HikariPool-1 - Starting...
HikariPool-1 - Start completed.
HHH000204: Processing PersistenceUnitInfo [
	name: default
	...]
HHH000412: Hibernate Core {5.3.7.Final}
HHH000206: hibernate.properties not found
HCANN000001: Hibernate Commons Annotations {5.0.4.Final}
HHH000400: Using dialect: org.hibernate.dialect.MySQL5Dialect
Initialized JPA EntityManagerFactory for persistence unit 'default'
Initializing ExecutorService 'applicationTaskExecutor'
spring.jpa.open-in-view is enabled by default. Therefore, database queries may be performed during view rendering. Explicitly configure spring.jpa.open-in-view to disable this warning
Starting ProtocolHandler ["http-nio-8080"]
Using a shared selector for servlet write/read
Tomcat started on port(s): 8080 (http) with context path '/sell'
Started ShellApplication in 6.449 seconds (JVM running for 8.386)
Initializing Spring DispatcherServlet 'dispatcherServlet'
Initializing Servlet 'dispatcherServlet'
Completed initialization in 6 ms
HHH000397: Using ASTQueryTranslatorFactory
Starting ShellApplication on home with PID 3624 (F:\ideaproject\shell\target\classes started by luokun in F:\ideaproject\shell)
No active profile set, falling back to default profiles: default
Bootstrapping Spring Data repositories in DEFAULT mode.
Finished Spring Data repository scanning in 77ms. Found 4 repository interfaces.
Bean 'org.springframework.transaction.annotation.ProxyTransactionManagementConfiguration' of type [org.springframework.transaction.annotation.ProxyTransactionManagementConfiguration$$EnhancerBySpringCGLIB$$9c4ebe38] is not eligible for getting processed by all BeanPostProcessors (for example: not eligible for auto-proxying)
Tomcat initialized with port(s): 8080 (http)
Initializing ProtocolHandler ["http-nio-8080"]
Starting service [Tomcat]
Starting Servlet Engine: Apache Tomcat/9.0.12
The APR based Apache Tomcat Native library which allows optimal performance in production environments was not found on the java.library.path: [E:\Program Files\Java\jdk1.8.0_91\bin;C:\Windows\Sun\Java\bin;C:\Windows\system32;C:\Windows;E:\Program Files\Java\jdk1.8.0_91\bin;C:\ProgramData\Oracle\Java\javapath;D:\jdk-8u91-windows-x64\jdk\bin;D:\软件\Maven\apache-maven-3.5.0-bin\apache-maven-3.5.0\bin;D:\Oracle\Oracle\app\oracle\product\11.2.0\server\bin;C:\Windows\system32;C:\Windows;C:\Windows\System32\Wbem;C:\Windows\System32\WindowsPowerShell\v1.0\;d:\SQL Server 2008 R2\Microsoft SQL Server86\100\Tools\Binn\;d:\SQL Server 2008 R2\100\Tools\Binn\;d:\SQL Server 2008 R2\100\DTS\Binn\;d:\SQL Server 2008 R2\Microsoft SQL Server86\100\Tools\Binn\VSShell\Common7\IDE\;d:\SQL Server 2008 R2\Microsoft SQL Server86\100\DTS\Binn\;D:\Mysql\mysql-5.6.33-winx64\bin;C:\Program Files\TortoiseSVN\bin;D:\Rational\Common;C:\Program Files (x86)\NVIDIA Corporation\PhysX\Common;C:\Program Files (x86)\nodejs\;D:\Maven\apache-maven-3.5.0\bin;D:\apache-tomcat-7.0.54\bin;E:\Program Files\natapp;C:\Users\luokun\AppData\Roaming\npm;.]
Initializing Spring embedded WebApplicationContext
Root WebApplicationContext: initialization completed in 1750 ms
Servlet dispatcherServlet mapped to [/]
Mapping filter: 'characterEncodingFilter' to: [/*]
Mapping filter: 'hiddenHttpMethodFilter' to: [/*]
Mapping filter: 'formContentFilter' to: [/*]
Mapping filter: 'requestContextFilter' to: [/*]
HikariPool-1 - Starting...
HikariPool-1 - Start completed.
HHH000204: Processing PersistenceUnitInfo [
	name: default
	...]
HHH000412: Hibernate Core {5.3.7.Final}
HHH000206: hibernate.properties not found
HCANN000001: Hibernate Commons Annotations {5.0.4.Final}
HHH000400: Using dialect: org.hibernate.dialect.MySQL5Dialect
Initialized JPA EntityManagerFactory for persistence unit 'default'
Initializing ExecutorService 'applicationTaskExecutor'
spring.jpa.open-in-view is enabled by default. Therefore, database queries may be performed during view rendering. Explicitly configure spring.jpa.open-in-view to disable this warning
Starting ProtocolHandler ["http-nio-8080"]
Using a shared selector for servlet write/read
Tomcat started on port(s): 8080 (http) with context path '/sell'
Started ShellApplication in 4.763 seconds (JVM running for 6.143)
Initializing Spring DispatcherServlet 'dispatcherServlet'
Initializing Servlet 'dispatcherServlet'
Completed initialization in 7 ms
Starting ShellApplication on home with PID 11748 (F:\ideaproject\shell\target\classes started by luokun in F:\ideaproject\shell)
No active profile set, falling back to default profiles: default
Bootstrapping Spring Data repositories in DEFAULT mode.
Finished Spring Data repository scanning in 66ms. Found 4 repository interfaces.
Bean 'org.springframework.transaction.annotation.ProxyTransactionManagementConfiguration' of type [org.springframework.transaction.annotation.ProxyTransactionManagementConfiguration$$EnhancerBySpringCGLIB$$d802659e] is not eligible for getting processed by all BeanPostProcessors (for example: not eligible for auto-proxying)
Tomcat initialized with port(s): 8080 (http)
Initializing ProtocolHandler ["http-nio-8080"]
Starting service [Tomcat]
Starting Servlet Engine: Apache Tomcat/9.0.12
The APR based Apache Tomcat Native library which allows optimal performance in production environments was not found on the java.library.path: [E:\Program Files\Java\jdk1.8.0_91\bin;C:\Windows\Sun\Java\bin;C:\Windows\system32;C:\Windows;E:\Program Files\Java\jdk1.8.0_91\bin;C:\ProgramData\Oracle\Java\javapath;D:\jdk-8u91-windows-x64\jdk\bin;D:\软件\Maven\apache-maven-3.5.0-bin\apache-maven-3.5.0\bin;D:\Oracle\Oracle\app\oracle\product\11.2.0\server\bin;C:\Windows\system32;C:\Windows;C:\Windows\System32\Wbem;C:\Windows\System32\WindowsPowerShell\v1.0\;d:\SQL Server 2008 R2\Microsoft SQL Server86\100\Tools\Binn\;d:\SQL Server 2008 R2\100\Tools\Binn\;d:\SQL Server 2008 R2\100\DTS\Binn\;d:\SQL Server 2008 R2\Microsoft SQL Server86\100\Tools\Binn\VSShell\Common7\IDE\;d:\SQL Server 2008 R2\Microsoft SQL Server86\100\DTS\Binn\;D:\Mysql\mysql-5.6.33-winx64\bin;C:\Program Files\TortoiseSVN\bin;D:\Rational\Common;C:\Program Files (x86)\NVIDIA Corporation\PhysX\Common;C:\Program Files (x86)\nodejs\;D:\Maven\apache-maven-3.5.0\bin;D:\apache-tomcat-7.0.54\bin;E:\Program Files\natapp;C:\Users\luokun\AppData\Roaming\npm;.]
Initializing Spring embedded WebApplicationContext
Root WebApplicationContext: initialization completed in 2339 ms
Servlet dispatcherServlet mapped to [/]
Mapping filter: 'characterEncodingFilter' to: [/*]
Mapping filter: 'hiddenHttpMethodFilter' to: [/*]
Mapping filter: 'formContentFilter' to: [/*]
Mapping filter: 'requestContextFilter' to: [/*]
HikariPool-1 - Starting...
HikariPool-1 - Start completed.
HHH000204: Processing PersistenceUnitInfo [
	name: default
	...]
HHH000412: Hibernate Core {5.3.7.Final}
HHH000206: hibernate.properties not found
HCANN000001: Hibernate Commons Annotations {5.0.4.Final}
HHH000400: Using dialect: org.hibernate.dialect.MySQL5Dialect
Initialized JPA EntityManagerFactory for persistence unit 'default'
Initializing ExecutorService 'applicationTaskExecutor'
spring.jpa.open-in-view is enabled by default. Therefore, database queries may be performed during view rendering. Explicitly configure spring.jpa.open-in-view to disable this warning
Starting ProtocolHandler ["http-nio-8080"]
Using a shared selector for servlet write/read
Tomcat started on port(s): 8080 (http) with context path '/sell'
Started ShellApplication in 7.345 seconds (JVM running for 10.431)
Initializing Spring DispatcherServlet 'dispatcherServlet'
Initializing Servlet 'dispatcherServlet'
Completed initialization in 5 ms
HHH000397: Using ASTQueryTranslatorFactory
Starting ShellApplication on home with PID 12632 (F:\ideaproject\shell\target\classes started by luokun in F:\ideaproject\shell)
No active profile set, falling back to default profiles: default
Bootstrapping Spring Data repositories in DEFAULT mode.
Finished Spring Data repository scanning in 67ms. Found 4 repository interfaces.
Bean 'org.springframework.transaction.annotation.ProxyTransactionManagementConfiguration' of type [org.springframework.transaction.annotation.ProxyTransactionManagementConfiguration$$EnhancerBySpringCGLIB$$bc31f81f] is not eligible for getting processed by all BeanPostProcessors (for example: not eligible for auto-proxying)
Tomcat initialized with port(s): 8080 (http)
Initializing ProtocolHandler ["http-nio-8080"]
Starting service [Tomcat]
Starting Servlet Engine: Apache Tomcat/9.0.12
The APR based Apache Tomcat Native library which allows optimal performance in production environments was not found on the java.library.path: [E:\Program Files\Java\jdk1.8.0_91\bin;C:\Windows\Sun\Java\bin;C:\Windows\system32;C:\Windows;E:\Program Files\Java\jdk1.8.0_91\bin;C:\ProgramData\Oracle\Java\javapath;D:\jdk-8u91-windows-x64\jdk\bin;D:\软件\Maven\apache-maven-3.5.0-bin\apache-maven-3.5.0\bin;D:\Oracle\Oracle\app\oracle\product\11.2.0\server\bin;C:\Windows\system32;C:\Windows;C:\Windows\System32\Wbem;C:\Windows\System32\WindowsPowerShell\v1.0\;d:\SQL Server 2008 R2\Microsoft SQL Server86\100\Tools\Binn\;d:\SQL Server 2008 R2\100\Tools\Binn\;d:\SQL Server 2008 R2\100\DTS\Binn\;d:\SQL Server 2008 R2\Microsoft SQL Server86\100\Tools\Binn\VSShell\Common7\IDE\;d:\SQL Server 2008 R2\Microsoft SQL Server86\100\DTS\Binn\;D:\Mysql\mysql-5.6.33-winx64\bin;C:\Program Files\TortoiseSVN\bin;D:\Rational\Common;C:\Program Files (x86)\NVIDIA Corporation\PhysX\Common;C:\Program Files (x86)\nodejs\;D:\Maven\apache-maven-3.5.0\bin;D:\apache-tomcat-7.0.54\bin;E:\Program Files\natapp;C:\Users\luokun\AppData\Roaming\npm;.]
Initializing Spring embedded WebApplicationContext
Root WebApplicationContext: initialization completed in 1739 ms
Servlet dispatcherServlet mapped to [/]
Mapping filter: 'characterEncodingFilter' to: [/*]
Mapping filter: 'hiddenHttpMethodFilter' to: [/*]
Mapping filter: 'formContentFilter' to: [/*]
Mapping filter: 'requestContextFilter' to: [/*]
HikariPool-1 - Starting...
HikariPool-1 - Start completed.
HHH000204: Processing PersistenceUnitInfo [
	name: default
	...]
HHH000412: Hibernate Core {5.3.7.Final}
HHH000206: hibernate.properties not found
HCANN000001: Hibernate Commons Annotations {5.0.4.Final}
HHH000400: Using dialect: org.hibernate.dialect.MySQL5Dialect
Initialized JPA EntityManagerFactory for persistence unit 'default'
Initializing ExecutorService 'applicationTaskExecutor'
spring.jpa.open-in-view is enabled by default. Therefore, database queries may be performed during view rendering. Explicitly configure spring.jpa.open-in-view to disable this warning
Starting ProtocolHandler ["http-nio-8080"]
Using a shared selector for servlet write/read
Tomcat started on port(s): 8080 (http) with context path '/sell'
Started ShellApplication in 5.11 seconds (JVM running for 6.45)
Initializing Spring DispatcherServlet 'dispatcherServlet'
Initializing Servlet 'dispatcherServlet'
Completed initialization in 7 ms
HikariPool-1 - Thread starvation or clock leap detected (housekeeper delta=1m25s960ms418µs880ns).
Starting ShellApplication on home with PID 4408 (F:\ideaproject\shell\target\classes started by luokun in F:\ideaproject\shell)
No active profile set, falling back to default profiles: default
Bootstrapping Spring Data repositories in DEFAULT mode.
Finished Spring Data repository scanning in 63ms. Found 4 repository interfaces.
Bean 'org.springframework.transaction.annotation.ProxyTransactionManagementConfiguration' of type [org.springframework.transaction.annotation.ProxyTransactionManagementConfiguration$$EnhancerBySpringCGLIB$$89a483b5] is not eligible for getting processed by all BeanPostProcessors (for example: not eligible for auto-proxying)
Tomcat initialized with port(s): 8080 (http)
Initializing ProtocolHandler ["http-nio-8080"]
Starting service [Tomcat]
Starting Servlet Engine: Apache Tomcat/9.0.12
The APR based Apache Tomcat Native library which allows optimal performance in production environments was not found on the java.library.path: [E:\Program Files\Java\jdk1.8.0_91\bin;C:\Windows\Sun\Java\bin;C:\Windows\system32;C:\Windows;E:\Program Files\Java\jdk1.8.0_91\bin;C:\ProgramData\Oracle\Java\javapath;D:\jdk-8u91-windows-x64\jdk\bin;D:\软件\Maven\apache-maven-3.5.0-bin\apache-maven-3.5.0\bin;D:\Oracle\Oracle\app\oracle\product\11.2.0\server\bin;C:\Windows\system32;C:\Windows;C:\Windows\System32\Wbem;C:\Windows\System32\WindowsPowerShell\v1.0\;d:\SQL Server 2008 R2\Microsoft SQL Server86\100\Tools\Binn\;d:\SQL Server 2008 R2\100\Tools\Binn\;d:\SQL Server 2008 R2\100\DTS\Binn\;d:\SQL Server 2008 R2\Microsoft SQL Server86\100\Tools\Binn\VSShell\Common7\IDE\;d:\SQL Server 2008 R2\Microsoft SQL Server86\100\DTS\Binn\;D:\Mysql\mysql-5.6.33-winx64\bin;C:\Program Files\TortoiseSVN\bin;D:\Rational\Common;C:\Program Files (x86)\NVIDIA Corporation\PhysX\Common;C:\Program Files (x86)\nodejs\;D:\Maven\apache-maven-3.5.0\bin;D:\apache-tomcat-7.0.54\bin;E:\Program Files\natapp;C:\Users\luokun\AppData\Roaming\npm;.]
Initializing Spring embedded WebApplicationContext
Root WebApplicationContext: initialization completed in 1204 ms
Servlet dispatcherServlet mapped to [/]
Mapping filter: 'characterEncodingFilter' to: [/*]
Mapping filter: 'hiddenHttpMethodFilter' to: [/*]
Mapping filter: 'formContentFilter' to: [/*]
Mapping filter: 'requestContextFilter' to: [/*]
HikariPool-1 - Starting...
HikariPool-1 - Start completed.
HHH000204: Processing PersistenceUnitInfo [
	name: default
	...]
HHH000412: Hibernate Core {5.3.7.Final}
HHH000206: hibernate.properties not found
HCANN000001: Hibernate Commons Annotations {5.0.4.Final}
HHH000400: Using dialect: org.hibernate.dialect.MySQL5Dialect
Initialized JPA EntityManagerFactory for persistence unit 'default'
Initializing ExecutorService 'applicationTaskExecutor'
spring.jpa.open-in-view is enabled by default. Therefore, database queries may be performed during view rendering. Explicitly configure spring.jpa.open-in-view to disable this warning
Starting ProtocolHandler ["http-nio-8080"]
Using a shared selector for servlet write/read
Tomcat started on port(s): 8080 (http) with context path '/sell'
Started ShellApplication in 3.621 seconds (JVM running for 4.287)
Initializing Spring DispatcherServlet 'dispatcherServlet'
Initializing Servlet 'dispatcherServlet'
Completed initialization in 6 ms
HHH000397: Using ASTQueryTranslatorFactory
