Starting OrderServiceImplTest on home with PID 11148 (started by luokun in F:\ideaproject\shell)
No active profile set, falling back to default profiles: default
Bootstrapping Spring Data repositories in DEFAULT mode.
Finished Spring Data repository scanning in 297ms. Found 4 repository interfaces.
Bean 'org.springframework.transaction.annotation.ProxyTransactionManagementConfiguration' of type [org.springframework.transaction.annotation.ProxyTransactionManagementConfiguration$$EnhancerBySpringCGLIB$$88f3a14d] is not eligible for getting processed by all BeanPostProcessors (for example: not eligible for auto-proxying)
HikariPool-1 - Starting...
HikariPool-1 - Start completed.
HHH000204: Processing PersistenceUnitInfo [
	name: default
	...]
HHH000412: Hibernate Core {5.3.7.Final}
HHH000206: hibernate.properties not found
HCANN000001: Hibernate Commons Annotations {5.0.4.Final}
HHH000400: Using dialect: org.hibernate.dialect.MySQL5Dialect
Initialized JPA EntityManagerFactory for persistence unit 'default'
Exception encountered during context initialization - cancelling refresh attempt: org.springframework.beans.factory.UnsatisfiedDependencyException: Error creating bean with name 'orderServiceImpl': Unsatisfied dependency expressed through field 'payService'; nested exception is org.springframework.beans.factory.NoSuchBeanDefinitionException: No qualifying bean of type 'com.lk.shell.service.PayService' available: expected at least 1 bean which qualifies as autowire candidate. Dependency annotations: {@org.springframework.beans.factory.annotation.Autowired(required=true)}
Closing JPA EntityManagerFactory for persistence unit 'default'
HikariPool-1 - Shutdown initiated...
HikariPool-1 - Shutdown completed.


Error starting ApplicationContext. To display the conditions report re-run your application with 'debug' enabled.
Starting OrderServiceImplTest on home with PID 5036 (started by luokun in F:\ideaproject\shell)
No active profile set, falling back to default profiles: default
Bootstrapping Spring Data repositories in DEFAULT mode.
Finished Spring Data repository scanning in 257ms. Found 4 repository interfaces.
Bean 'org.springframework.transaction.annotation.ProxyTransactionManagementConfiguration' of type [org.springframework.transaction.annotation.ProxyTransactionManagementConfiguration$$EnhancerBySpringCGLIB$$f5dbd706] is not eligible for getting processed by all BeanPostProcessors (for example: not eligible for auto-proxying)
HikariPool-1 - Starting...
HikariPool-1 - Start completed.
HHH000204: Processing PersistenceUnitInfo [
	name: default
	...]
HHH000412: Hibernate Core {5.3.7.Final}
HHH000206: hibernate.properties not found
HCANN000001: Hibernate Commons Annotations {5.0.4.Final}
HHH000400: Using dialect: org.hibernate.dialect.MySQL5Dialect
Initialized JPA EntityManagerFactory for persistence unit 'default'
Initializing ExecutorService 'applicationTaskExecutor'
spring.jpa.open-in-view is enabled by default. Therefore, database queries may be performed during view rendering. Explicitly configure spring.jpa.open-in-view to disable this warning
Started OrderServiceImplTest in 6.989 seconds (JVM running for 8.905)
HHH000397: Using ASTQueryTranslatorFactory
Shutting down ExecutorService 'applicationTaskExecutor'
Closing JPA EntityManagerFactory for persistence unit 'default'
HikariPool-1 - Shutdown initiated...
HikariPool-1 - Shutdown completed.
Starting OrderServiceImplTest on home with PID 9644 (started by luokun in F:\ideaproject\shell)
No active profile set, falling back to default profiles: default
Bootstrapping Spring Data repositories in DEFAULT mode.
Finished Spring Data repository scanning in 90ms. Found 4 repository interfaces.
Bean 'org.springframework.transaction.annotation.ProxyTransactionManagementConfiguration' of type [org.springframework.transaction.annotation.ProxyTransactionManagementConfiguration$$EnhancerBySpringCGLIB$$a04de4] is not eligible for getting processed by all BeanPostProcessors (for example: not eligible for auto-proxying)
HikariPool-1 - Starting...
HikariPool-1 - Start completed.
HHH000204: Processing PersistenceUnitInfo [
	name: default
	...]
HHH000412: Hibernate Core {5.3.7.Final}
HHH000206: hibernate.properties not found
HCANN000001: Hibernate Commons Annotations {5.0.4.Final}
HHH000400: Using dialect: org.hibernate.dialect.MySQL5Dialect
Initialized JPA EntityManagerFactory for persistence unit 'default'
Initializing ExecutorService 'applicationTaskExecutor'
spring.jpa.open-in-view is enabled by default. Therefore, database queries may be performed during view rendering. Explicitly configure spring.jpa.open-in-view to disable this warning
Started OrderServiceImplTest in 6.874 seconds (JVM running for 9.114)
HHH000397: Using ASTQueryTranslatorFactory
Shutting down ExecutorService 'applicationTaskExecutor'
Closing JPA EntityManagerFactory for persistence unit 'default'
HikariPool-1 - Shutdown initiated...
HikariPool-1 - Shutdown completed.
Starting OrderServiceImplTest on home with PID 2612 (started by luokun in F:\ideaproject\shell)
No active profile set, falling back to default profiles: default
Bootstrapping Spring Data repositories in DEFAULT mode.
Finished Spring Data repository scanning in 120ms. Found 4 repository interfaces.
Bean 'org.springframework.transaction.annotation.ProxyTransactionManagementConfiguration' of type [org.springframework.transaction.annotation.ProxyTransactionManagementConfiguration$$EnhancerBySpringCGLIB$$f5dbd706] is not eligible for getting processed by all BeanPostProcessors (for example: not eligible for auto-proxying)
HikariPool-1 - Starting...
HikariPool-1 - Start completed.
HHH000204: Processing PersistenceUnitInfo [
	name: default
	...]
HHH000412: Hibernate Core {5.3.7.Final}
HHH000206: hibernate.properties not found
HCANN000001: Hibernate Commons Annotations {5.0.4.Final}
HHH000400: Using dialect: org.hibernate.dialect.MySQL5Dialect
Initialized JPA EntityManagerFactory for persistence unit 'default'
Initializing ExecutorService 'applicationTaskExecutor'
spring.jpa.open-in-view is enabled by default. Therefore, database queries may be performed during view rendering. Explicitly configure spring.jpa.open-in-view to disable this warning
Started OrderServiceImplTest in 5.037 seconds (JVM running for 5.877)
HHH000397: Using ASTQueryTranslatorFactory
Shutting down ExecutorService 'applicationTaskExecutor'
Closing JPA EntityManagerFactory for persistence unit 'default'
HikariPool-1 - Shutdown initiated...
HikariPool-1 - Shutdown completed.
Starting OrderServiceImplTest on home with PID 7424 (started by luokun in F:\ideaproject\shell)
No active profile set, falling back to default profiles: default
Bootstrapping Spring Data repositories in DEFAULT mode.
Finished Spring Data repository scanning in 178ms. Found 4 repository interfaces.
Bean 'org.springframework.transaction.annotation.ProxyTransactionManagementConfiguration' of type [org.springframework.transaction.annotation.ProxyTransactionManagementConfiguration$$EnhancerBySpringCGLIB$$e34a172e] is not eligible for getting processed by all BeanPostProcessors (for example: not eligible for auto-proxying)
HikariPool-1 - Starting...
HikariPool-1 - Start completed.
HHH000204: Processing PersistenceUnitInfo [
	name: default
	...]
HHH000412: Hibernate Core {5.3.7.Final}
HHH000206: hibernate.properties not found
HCANN000001: Hibernate Commons Annotations {5.0.4.Final}
HHH000400: Using dialect: org.hibernate.dialect.MySQL5Dialect
Initialized JPA EntityManagerFactory for persistence unit 'default'
Initializing ExecutorService 'applicationTaskExecutor'
spring.jpa.open-in-view is enabled by default. Therefore, database queries may be performed during view rendering. Explicitly configure spring.jpa.open-in-view to disable this warning
Started OrderServiceImplTest in 7.41 seconds (JVM running for 9.771)
HHH000397: Using ASTQueryTranslatorFactory
Shutting down ExecutorService 'applicationTaskExecutor'
Closing JPA EntityManagerFactory for persistence unit 'default'
HikariPool-1 - Shutdown initiated...
HikariPool-1 - Shutdown completed.
Starting ShellApplication on home with PID 5092 (F:\ideaproject\shell\target\classes started by luokun in F:\ideaproject\shell)
No active profile set, falling back to default profiles: default
Bootstrapping Spring Data repositories in DEFAULT mode.
Finished Spring Data repository scanning in 93ms. Found 4 repository interfaces.
Bean 'org.springframework.transaction.annotation.ProxyTransactionManagementConfiguration' of type [org.springframework.transaction.annotation.ProxyTransactionManagementConfiguration$$EnhancerBySpringCGLIB$$da9330f0] is not eligible for getting processed by all BeanPostProcessors (for example: not eligible for auto-proxying)
Tomcat initialized with port(s): 8080 (http)
Initializing ProtocolHandler ["http-nio-8080"]
Starting service [Tomcat]
Starting Servlet Engine: Apache Tomcat/9.0.12
The APR based Apache Tomcat Native library which allows optimal performance in production environments was not found on the java.library.path: [E:\Program Files\Java\jdk1.8.0_91\bin;C:\Windows\Sun\Java\bin;C:\Windows\system32;C:\Windows;E:\Program Files\Java\jdk1.8.0_91\bin;C:\ProgramData\Oracle\Java\javapath;D:\jdk-8u91-windows-x64\jdk\bin;D:\软件\Maven\apache-maven-3.5.0-bin\apache-maven-3.5.0\bin;D:\Oracle\Oracle\app\oracle\product\11.2.0\server\bin;C:\Windows\system32;C:\Windows;C:\Windows\System32\Wbem;C:\Windows\System32\WindowsPowerShell\v1.0\;d:\SQL Server 2008 R2\Microsoft SQL Server86\100\Tools\Binn\;d:\SQL Server 2008 R2\100\Tools\Binn\;d:\SQL Server 2008 R2\100\DTS\Binn\;d:\SQL Server 2008 R2\Microsoft SQL Server86\100\Tools\Binn\VSShell\Common7\IDE\;d:\SQL Server 2008 R2\Microsoft SQL Server86\100\DTS\Binn\;D:\Mysql\mysql-5.6.33-winx64\bin;C:\Program Files\TortoiseSVN\bin;D:\Rational\Common;C:\Program Files (x86)\NVIDIA Corporation\PhysX\Common;C:\Program Files (x86)\nodejs\;D:\Maven\apache-maven-3.5.0\bin;D:\apache-tomcat-7.0.54\bin;C:\Users\luokun\AppData\Roaming\npm;.]
Initializing Spring embedded WebApplicationContext
Root WebApplicationContext: initialization completed in 1941 ms
Servlet dispatcherServlet mapped to [/]
Mapping filter: 'characterEncodingFilter' to: [/*]
Mapping filter: 'hiddenHttpMethodFilter' to: [/*]
Mapping filter: 'formContentFilter' to: [/*]
Mapping filter: 'requestContextFilter' to: [/*]
HikariPool-1 - Starting...
HikariPool-1 - Start completed.
HHH000204: Processing PersistenceUnitInfo [
	name: default
	...]
HHH000412: Hibernate Core {5.3.7.Final}
HHH000206: hibernate.properties not found
HCANN000001: Hibernate Commons Annotations {5.0.4.Final}
HHH000400: Using dialect: org.hibernate.dialect.MySQL5Dialect
Initialized JPA EntityManagerFactory for persistence unit 'default'
Initializing ExecutorService 'applicationTaskExecutor'
spring.jpa.open-in-view is enabled by default. Therefore, database queries may be performed during view rendering. Explicitly configure spring.jpa.open-in-view to disable this warning
Starting ProtocolHandler ["http-nio-8080"]
Using a shared selector for servlet write/read
Tomcat started on port(s): 8080 (http) with context path '/sell'
Started ShellApplication in 6.127 seconds (JVM running for 8.814)
Starting ShellApplication on home with PID 10764 (F:\ideaproject\shell\target\classes started by luokun in F:\ideaproject\shell)
No active profile set, falling back to default profiles: default
Bootstrapping Spring Data repositories in DEFAULT mode.
Finished Spring Data repository scanning in 522ms. Found 4 repository interfaces.
Bean 'org.springframework.transaction.annotation.ProxyTransactionManagementConfiguration' of type [org.springframework.transaction.annotation.ProxyTransactionManagementConfiguration$$EnhancerBySpringCGLIB$$50bbdacd] is not eligible for getting processed by all BeanPostProcessors (for example: not eligible for auto-proxying)
Tomcat initialized with port(s): 8080 (http)
Initializing ProtocolHandler ["http-nio-8080"]
Starting service [Tomcat]
Starting Servlet Engine: Apache Tomcat/9.0.12
The APR based Apache Tomcat Native library which allows optimal performance in production environments was not found on the java.library.path: [E:\Program Files\Java\jdk1.8.0_91\bin;C:\Windows\Sun\Java\bin;C:\Windows\system32;C:\Windows;E:\Program Files\Java\jdk1.8.0_91\bin;C:\ProgramData\Oracle\Java\javapath;D:\jdk-8u91-windows-x64\jdk\bin;D:\软件\Maven\apache-maven-3.5.0-bin\apache-maven-3.5.0\bin;D:\Oracle\Oracle\app\oracle\product\11.2.0\server\bin;C:\Windows\system32;C:\Windows;C:\Windows\System32\Wbem;C:\Windows\System32\WindowsPowerShell\v1.0\;d:\SQL Server 2008 R2\Microsoft SQL Server86\100\Tools\Binn\;d:\SQL Server 2008 R2\100\Tools\Binn\;d:\SQL Server 2008 R2\100\DTS\Binn\;d:\SQL Server 2008 R2\Microsoft SQL Server86\100\Tools\Binn\VSShell\Common7\IDE\;d:\SQL Server 2008 R2\Microsoft SQL Server86\100\DTS\Binn\;D:\Mysql\mysql-5.6.33-winx64\bin;C:\Program Files\TortoiseSVN\bin;D:\Rational\Common;C:\Program Files (x86)\NVIDIA Corporation\PhysX\Common;C:\Program Files (x86)\nodejs\;D:\Maven\apache-maven-3.5.0\bin;D:\apache-tomcat-7.0.54\bin;C:\Users\luokun\AppData\Roaming\npm;.]
Initializing Spring embedded WebApplicationContext
Root WebApplicationContext: initialization completed in 3174 ms
Servlet dispatcherServlet mapped to [/]
Mapping filter: 'characterEncodingFilter' to: [/*]
Mapping filter: 'hiddenHttpMethodFilter' to: [/*]
Mapping filter: 'formContentFilter' to: [/*]
Mapping filter: 'requestContextFilter' to: [/*]
HikariPool-1 - Starting...
HikariPool-1 - Start completed.
HHH000204: Processing PersistenceUnitInfo [
	name: default
	...]
HHH000412: Hibernate Core {5.3.7.Final}
HHH000206: hibernate.properties not found
HCANN000001: Hibernate Commons Annotations {5.0.4.Final}
HHH000400: Using dialect: org.hibernate.dialect.MySQL5Dialect
Initialized JPA EntityManagerFactory for persistence unit 'default'
Initializing ExecutorService 'applicationTaskExecutor'
spring.jpa.open-in-view is enabled by default. Therefore, database queries may be performed during view rendering. Explicitly configure spring.jpa.open-in-view to disable this warning
Starting ProtocolHandler ["http-nio-8080"]
Using a shared selector for servlet write/read
Tomcat started on port(s): 8080 (http) with context path '/sell'
Started ShellApplication in 7.601 seconds (JVM running for 10.785)
Initializing Spring DispatcherServlet 'dispatcherServlet'
Initializing Servlet 'dispatcherServlet'
Completed initialization in 24 ms
Starting ShellApplication on home with PID 7060 (F:\ideaproject\shell\target\classes started by luokun in F:\ideaproject\shell)
No active profile set, falling back to default profiles: default
Bootstrapping Spring Data repositories in DEFAULT mode.
Finished Spring Data repository scanning in 97ms. Found 4 repository interfaces.
Bean 'org.springframework.transaction.annotation.ProxyTransactionManagementConfiguration' of type [org.springframework.transaction.annotation.ProxyTransactionManagementConfiguration$$EnhancerBySpringCGLIB$$a11ba4e9] is not eligible for getting processed by all BeanPostProcessors (for example: not eligible for auto-proxying)
Tomcat initialized with port(s): 8080 (http)
Initializing ProtocolHandler ["http-nio-8080"]
Starting service [Tomcat]
Starting Servlet Engine: Apache Tomcat/9.0.12
The APR based Apache Tomcat Native library which allows optimal performance in production environments was not found on the java.library.path: [E:\Program Files\Java\jdk1.8.0_91\bin;C:\Windows\Sun\Java\bin;C:\Windows\system32;C:\Windows;E:\Program Files\Java\jdk1.8.0_91\bin;C:\ProgramData\Oracle\Java\javapath;D:\jdk-8u91-windows-x64\jdk\bin;D:\软件\Maven\apache-maven-3.5.0-bin\apache-maven-3.5.0\bin;D:\Oracle\Oracle\app\oracle\product\11.2.0\server\bin;C:\Windows\system32;C:\Windows;C:\Windows\System32\Wbem;C:\Windows\System32\WindowsPowerShell\v1.0\;d:\SQL Server 2008 R2\Microsoft SQL Server86\100\Tools\Binn\;d:\SQL Server 2008 R2\100\Tools\Binn\;d:\SQL Server 2008 R2\100\DTS\Binn\;d:\SQL Server 2008 R2\Microsoft SQL Server86\100\Tools\Binn\VSShell\Common7\IDE\;d:\SQL Server 2008 R2\Microsoft SQL Server86\100\DTS\Binn\;D:\Mysql\mysql-5.6.33-winx64\bin;C:\Program Files\TortoiseSVN\bin;D:\Rational\Common;C:\Program Files (x86)\NVIDIA Corporation\PhysX\Common;C:\Program Files (x86)\nodejs\;D:\Maven\apache-maven-3.5.0\bin;D:\apache-tomcat-7.0.54\bin;C:\Users\luokun\AppData\Roaming\npm;.]
Initializing Spring embedded WebApplicationContext
Root WebApplicationContext: initialization completed in 2259 ms
Servlet dispatcherServlet mapped to [/]
Mapping filter: 'characterEncodingFilter' to: [/*]
Mapping filter: 'hiddenHttpMethodFilter' to: [/*]
Mapping filter: 'formContentFilter' to: [/*]
Mapping filter: 'requestContextFilter' to: [/*]
HikariPool-1 - Starting...
HikariPool-1 - Start completed.
HHH000204: Processing PersistenceUnitInfo [
	name: default
	...]
HHH000412: Hibernate Core {5.3.7.Final}
HHH000206: hibernate.properties not found
HCANN000001: Hibernate Commons Annotations {5.0.4.Final}
HHH000400: Using dialect: org.hibernate.dialect.MySQL5Dialect
Initialized JPA EntityManagerFactory for persistence unit 'default'
Initializing ExecutorService 'applicationTaskExecutor'
spring.jpa.open-in-view is enabled by default. Therefore, database queries may be performed during view rendering. Explicitly configure spring.jpa.open-in-view to disable this warning
Starting ProtocolHandler ["http-nio-8080"]
Using a shared selector for servlet write/read
Tomcat started on port(s): 8080 (http) with context path '/sell'
Started ShellApplication in 6.334 seconds (JVM running for 10.077)
Initializing Spring DispatcherServlet 'dispatcherServlet'
Initializing Servlet 'dispatcherServlet'
Completed initialization in 5 ms
Resolved [org.springframework.web.HttpRequestMethodNotSupportedException: Request method 'POST' not supported]
Resolved [org.springframework.web.HttpRequestMethodNotSupportedException: Request method 'POST' not supported]
Resolved [org.springframework.web.bind.MissingServletRequestParameterException: Required String parameter 'openid' is not present]
HHH000397: Using ASTQueryTranslatorFactory
Starting ShellApplication on home with PID 9120 (F:\ideaproject\shell\target\classes started by luokun in F:\ideaproject\shell)
No active profile set, falling back to default profiles: default
Bootstrapping Spring Data repositories in DEFAULT mode.
Finished Spring Data repository scanning in 140ms. Found 4 repository interfaces.
Bean 'org.springframework.transaction.annotation.ProxyTransactionManagementConfiguration' of type [org.springframework.transaction.annotation.ProxyTransactionManagementConfiguration$$EnhancerBySpringCGLIB$$a0dc5d2d] is not eligible for getting processed by all BeanPostProcessors (for example: not eligible for auto-proxying)
Tomcat initialized with port(s): 8080 (http)
Initializing ProtocolHandler ["http-nio-8080"]
Starting service [Tomcat]
Starting Servlet Engine: Apache Tomcat/9.0.12
The APR based Apache Tomcat Native library which allows optimal performance in production environments was not found on the java.library.path: [E:\Program Files\Java\jdk1.8.0_91\bin;C:\Windows\Sun\Java\bin;C:\Windows\system32;C:\Windows;E:\Program Files\Java\jdk1.8.0_91\bin;C:\ProgramData\Oracle\Java\javapath;D:\jdk-8u91-windows-x64\jdk\bin;D:\软件\Maven\apache-maven-3.5.0-bin\apache-maven-3.5.0\bin;D:\Oracle\Oracle\app\oracle\product\11.2.0\server\bin;C:\Windows\system32;C:\Windows;C:\Windows\System32\Wbem;C:\Windows\System32\WindowsPowerShell\v1.0\;d:\SQL Server 2008 R2\Microsoft SQL Server86\100\Tools\Binn\;d:\SQL Server 2008 R2\100\Tools\Binn\;d:\SQL Server 2008 R2\100\DTS\Binn\;d:\SQL Server 2008 R2\Microsoft SQL Server86\100\Tools\Binn\VSShell\Common7\IDE\;d:\SQL Server 2008 R2\Microsoft SQL Server86\100\DTS\Binn\;D:\Mysql\mysql-5.6.33-winx64\bin;C:\Program Files\TortoiseSVN\bin;D:\Rational\Common;C:\Program Files (x86)\NVIDIA Corporation\PhysX\Common;C:\Program Files (x86)\nodejs\;D:\Maven\apache-maven-3.5.0\bin;D:\apache-tomcat-7.0.54\bin;C:\Users\luokun\AppData\Roaming\npm;.]
Initializing Spring embedded WebApplicationContext
Root WebApplicationContext: initialization completed in 3116 ms
Servlet dispatcherServlet mapped to [/]
Mapping filter: 'characterEncodingFilter' to: [/*]
Mapping filter: 'hiddenHttpMethodFilter' to: [/*]
Mapping filter: 'formContentFilter' to: [/*]
Mapping filter: 'requestContextFilter' to: [/*]
HikariPool-1 - Starting...
HikariPool-1 - Start completed.
HHH000204: Processing PersistenceUnitInfo [
	name: default
	...]
HHH000412: Hibernate Core {5.3.7.Final}
HHH000206: hibernate.properties not found
HCANN000001: Hibernate Commons Annotations {5.0.4.Final}
HHH000400: Using dialect: org.hibernate.dialect.MySQL5Dialect
Initialized JPA EntityManagerFactory for persistence unit 'default'
Initializing ExecutorService 'applicationTaskExecutor'
spring.jpa.open-in-view is enabled by default. Therefore, database queries may be performed during view rendering. Explicitly configure spring.jpa.open-in-view to disable this warning
Starting ProtocolHandler ["http-nio-8080"]
Using a shared selector for servlet write/read
Tomcat started on port(s): 8080 (http) with context path '/sell'
Started ShellApplication in 7.274 seconds (JVM running for 11.069)
Initializing Spring DispatcherServlet 'dispatcherServlet'
Initializing Servlet 'dispatcherServlet'
Completed initialization in 6 ms
HHH000397: Using ASTQueryTranslatorFactory
Starting ShellApplication on home with PID 4652 (F:\ideaproject\shell\target\classes started by luokun in F:\ideaproject\shell)
No active profile set, falling back to default profiles: default
Bootstrapping Spring Data repositories in DEFAULT mode.
Finished Spring Data repository scanning in 74ms. Found 4 repository interfaces.
Bean 'org.springframework.transaction.annotation.ProxyTransactionManagementConfiguration' of type [org.springframework.transaction.annotation.ProxyTransactionManagementConfiguration$$EnhancerBySpringCGLIB$$fcee5c45] is not eligible for getting processed by all BeanPostProcessors (for example: not eligible for auto-proxying)
Tomcat initialized with port(s): 8080 (http)
Initializing ProtocolHandler ["http-nio-8080"]
Starting service [Tomcat]
Starting Servlet Engine: Apache Tomcat/9.0.12
The APR based Apache Tomcat Native library which allows optimal performance in production environments was not found on the java.library.path: [E:\Program Files\Java\jdk1.8.0_91\bin;C:\Windows\Sun\Java\bin;C:\Windows\system32;C:\Windows;E:\Program Files\Java\jdk1.8.0_91\bin;C:\ProgramData\Oracle\Java\javapath;D:\jdk-8u91-windows-x64\jdk\bin;D:\软件\Maven\apache-maven-3.5.0-bin\apache-maven-3.5.0\bin;D:\Oracle\Oracle\app\oracle\product\11.2.0\server\bin;C:\Windows\system32;C:\Windows;C:\Windows\System32\Wbem;C:\Windows\System32\WindowsPowerShell\v1.0\;d:\SQL Server 2008 R2\Microsoft SQL Server86\100\Tools\Binn\;d:\SQL Server 2008 R2\100\Tools\Binn\;d:\SQL Server 2008 R2\100\DTS\Binn\;d:\SQL Server 2008 R2\Microsoft SQL Server86\100\Tools\Binn\VSShell\Common7\IDE\;d:\SQL Server 2008 R2\Microsoft SQL Server86\100\DTS\Binn\;D:\Mysql\mysql-5.6.33-winx64\bin;C:\Program Files\TortoiseSVN\bin;D:\Rational\Common;C:\Program Files (x86)\NVIDIA Corporation\PhysX\Common;C:\Program Files (x86)\nodejs\;D:\Maven\apache-maven-3.5.0\bin;D:\apache-tomcat-7.0.54\bin;C:\Users\luokun\AppData\Roaming\npm;.]
Initializing Spring embedded WebApplicationContext
Root WebApplicationContext: initialization completed in 2071 ms
Servlet dispatcherServlet mapped to [/]
Mapping filter: 'characterEncodingFilter' to: [/*]
Mapping filter: 'hiddenHttpMethodFilter' to: [/*]
Mapping filter: 'formContentFilter' to: [/*]
Mapping filter: 'requestContextFilter' to: [/*]
HikariPool-1 - Starting...
HikariPool-1 - Start completed.
HHH000204: Processing PersistenceUnitInfo [
	name: default
	...]
HHH000412: Hibernate Core {5.3.7.Final}
HHH000206: hibernate.properties not found
HCANN000001: Hibernate Commons Annotations {5.0.4.Final}
HHH000400: Using dialect: org.hibernate.dialect.MySQL5Dialect
Initialized JPA EntityManagerFactory for persistence unit 'default'
Initializing ExecutorService 'applicationTaskExecutor'
spring.jpa.open-in-view is enabled by default. Therefore, database queries may be performed during view rendering. Explicitly configure spring.jpa.open-in-view to disable this warning
Starting ProtocolHandler ["http-nio-8080"]
Using a shared selector for servlet write/read
Tomcat started on port(s): 8080 (http) with context path '/sell'
Started ShellApplication in 5.885 seconds (JVM running for 8.199)
Initializing Spring DispatcherServlet 'dispatcherServlet'
Initializing Servlet 'dispatcherServlet'
Completed initialization in 6 ms
HHH000397: Using ASTQueryTranslatorFactory
Starting ShellApplication on home with PID 2112 (F:\ideaproject\shell\target\classes started by luokun in F:\ideaproject\shell)
No active profile set, falling back to default profiles: default
Bootstrapping Spring Data repositories in DEFAULT mode.
Finished Spring Data repository scanning in 95ms. Found 4 repository interfaces.
Bean 'org.springframework.transaction.annotation.ProxyTransactionManagementConfiguration' of type [org.springframework.transaction.annotation.ProxyTransactionManagementConfiguration$$EnhancerBySpringCGLIB$$81c0fb82] is not eligible for getting processed by all BeanPostProcessors (for example: not eligible for auto-proxying)
Tomcat initialized with port(s): 8080 (http)
Initializing ProtocolHandler ["http-nio-8080"]
Starting service [Tomcat]
Starting Servlet Engine: Apache Tomcat/9.0.12
The APR based Apache Tomcat Native library which allows optimal performance in production environments was not found on the java.library.path: [E:\Program Files\Java\jdk1.8.0_91\bin;C:\Windows\Sun\Java\bin;C:\Windows\system32;C:\Windows;E:\Program Files\Java\jdk1.8.0_91\bin;C:\ProgramData\Oracle\Java\javapath;D:\jdk-8u91-windows-x64\jdk\bin;D:\软件\Maven\apache-maven-3.5.0-bin\apache-maven-3.5.0\bin;D:\Oracle\Oracle\app\oracle\product\11.2.0\server\bin;C:\Windows\system32;C:\Windows;C:\Windows\System32\Wbem;C:\Windows\System32\WindowsPowerShell\v1.0\;d:\SQL Server 2008 R2\Microsoft SQL Server86\100\Tools\Binn\;d:\SQL Server 2008 R2\100\Tools\Binn\;d:\SQL Server 2008 R2\100\DTS\Binn\;d:\SQL Server 2008 R2\Microsoft SQL Server86\100\Tools\Binn\VSShell\Common7\IDE\;d:\SQL Server 2008 R2\Microsoft SQL Server86\100\DTS\Binn\;D:\Mysql\mysql-5.6.33-winx64\bin;C:\Program Files\TortoiseSVN\bin;D:\Rational\Common;C:\Program Files (x86)\NVIDIA Corporation\PhysX\Common;C:\Program Files (x86)\nodejs\;D:\Maven\apache-maven-3.5.0\bin;D:\apache-tomcat-7.0.54\bin;C:\Users\luokun\AppData\Roaming\npm;.]
Initializing Spring embedded WebApplicationContext
Root WebApplicationContext: initialization completed in 1709 ms
Servlet dispatcherServlet mapped to [/]
Mapping filter: 'characterEncodingFilter' to: [/*]
Mapping filter: 'hiddenHttpMethodFilter' to: [/*]
Mapping filter: 'formContentFilter' to: [/*]
Mapping filter: 'requestContextFilter' to: [/*]
HikariPool-1 - Starting...
HikariPool-1 - Start completed.
HHH000204: Processing PersistenceUnitInfo [
	name: default
	...]
HHH000412: Hibernate Core {5.3.7.Final}
HHH000206: hibernate.properties not found
HCANN000001: Hibernate Commons Annotations {5.0.4.Final}
HHH000400: Using dialect: org.hibernate.dialect.MySQL5Dialect
Initialized JPA EntityManagerFactory for persistence unit 'default'
Initializing ExecutorService 'applicationTaskExecutor'
spring.jpa.open-in-view is enabled by default. Therefore, database queries may be performed during view rendering. Explicitly configure spring.jpa.open-in-view to disable this warning
Starting ProtocolHandler ["http-nio-8080"]
Using a shared selector for servlet write/read
Tomcat started on port(s): 8080 (http) with context path '/sell'
Started ShellApplication in 5.184 seconds (JVM running for 8.126)
Initializing Spring DispatcherServlet 'dispatcherServlet'
Initializing Servlet 'dispatcherServlet'
Completed initialization in 7 ms
HHH000397: Using ASTQueryTranslatorFactory
Starting ShellApplication on home with PID 3904 (F:\ideaproject\shell\target\classes started by luokun in F:\ideaproject\shell)
No active profile set, falling back to default profiles: default
Bootstrapping Spring Data repositories in DEFAULT mode.
Finished Spring Data repository scanning in 79ms. Found 4 repository interfaces.
Bean 'org.springframework.transaction.annotation.ProxyTransactionManagementConfiguration' of type [org.springframework.transaction.annotation.ProxyTransactionManagementConfiguration$$EnhancerBySpringCGLIB$$6bbaa46f] is not eligible for getting processed by all BeanPostProcessors (for example: not eligible for auto-proxying)
Tomcat initialized with port(s): 8080 (http)
Initializing ProtocolHandler ["http-nio-8080"]
Starting service [Tomcat]
Starting Servlet Engine: Apache Tomcat/9.0.12
The APR based Apache Tomcat Native library which allows optimal performance in production environments was not found on the java.library.path: [E:\Program Files\Java\jdk1.8.0_91\bin;C:\Windows\Sun\Java\bin;C:\Windows\system32;C:\Windows;E:\Program Files\Java\jdk1.8.0_91\bin;C:\ProgramData\Oracle\Java\javapath;D:\jdk-8u91-windows-x64\jdk\bin;D:\软件\Maven\apache-maven-3.5.0-bin\apache-maven-3.5.0\bin;D:\Oracle\Oracle\app\oracle\product\11.2.0\server\bin;C:\Windows\system32;C:\Windows;C:\Windows\System32\Wbem;C:\Windows\System32\WindowsPowerShell\v1.0\;d:\SQL Server 2008 R2\Microsoft SQL Server86\100\Tools\Binn\;d:\SQL Server 2008 R2\100\Tools\Binn\;d:\SQL Server 2008 R2\100\DTS\Binn\;d:\SQL Server 2008 R2\Microsoft SQL Server86\100\Tools\Binn\VSShell\Common7\IDE\;d:\SQL Server 2008 R2\Microsoft SQL Server86\100\DTS\Binn\;D:\Mysql\mysql-5.6.33-winx64\bin;C:\Program Files\TortoiseSVN\bin;D:\Rational\Common;C:\Program Files (x86)\NVIDIA Corporation\PhysX\Common;C:\Program Files (x86)\nodejs\;D:\Maven\apache-maven-3.5.0\bin;D:\apache-tomcat-7.0.54\bin;C:\Users\luokun\AppData\Roaming\npm;.]
Initializing Spring embedded WebApplicationContext
Root WebApplicationContext: initialization completed in 1484 ms
Servlet dispatcherServlet mapped to [/]
Mapping filter: 'characterEncodingFilter' to: [/*]
Mapping filter: 'hiddenHttpMethodFilter' to: [/*]
Mapping filter: 'formContentFilter' to: [/*]
Mapping filter: 'requestContextFilter' to: [/*]
HikariPool-1 - Starting...
HikariPool-1 - Start completed.
HHH000204: Processing PersistenceUnitInfo [
	name: default
	...]
HHH000412: Hibernate Core {5.3.7.Final}
HHH000206: hibernate.properties not found
HCANN000001: Hibernate Commons Annotations {5.0.4.Final}
HHH000400: Using dialect: org.hibernate.dialect.MySQL5Dialect
Initialized JPA EntityManagerFactory for persistence unit 'default'
Initializing ExecutorService 'applicationTaskExecutor'
spring.jpa.open-in-view is enabled by default. Therefore, database queries may be performed during view rendering. Explicitly configure spring.jpa.open-in-view to disable this warning
Starting ProtocolHandler ["http-nio-8080"]
Using a shared selector for servlet write/read
Tomcat started on port(s): 8080 (http) with context path '/sell'
Started ShellApplication in 4.727 seconds (JVM running for 7.06)
Initializing Spring DispatcherServlet 'dispatcherServlet'
Initializing Servlet 'dispatcherServlet'
Completed initialization in 8 ms
Resolved [org.springframework.web.bind.MissingServletRequestParameterException: Required String parameter 'openid' is not present]
Resolved [org.springframework.web.bind.MissingServletRequestParameterException: Required String parameter 'openid' is not present]
Resolved [org.springframework.web.bind.MissingServletRequestParameterException: Required String parameter 'openid' is not present]
Resolved [org.springframework.web.bind.MissingServletRequestParameterException: Required String parameter 'openid' is not present]
Resolved [org.springframework.web.bind.MissingServletRequestParameterException: Required String parameter 'openid' is not present]
Resolved [org.springframework.web.bind.MissingServletRequestParameterException: Required String parameter 'openid' is not present]
Resolved [org.springframework.web.bind.MissingServletRequestParameterException: Required String parameter 'openid' is not present]
Resolved [org.springframework.web.bind.MissingServletRequestParameterException: Required String parameter 'openid' is not present]
Resolved [org.springframework.web.bind.MissingServletRequestParameterException: Required String parameter 'openid' is not present]
Resolved [org.springframework.web.bind.MissingServletRequestParameterException: Required String parameter 'openid' is not present]
Starting ShellApplication on home with PID 4424 (F:\ideaproject\shell\target\classes started by luokun in F:\ideaproject\shell)
No active profile set, falling back to default profiles: default
Bootstrapping Spring Data repositories in DEFAULT mode.
Finished Spring Data repository scanning in 101ms. Found 4 repository interfaces.
Bean 'org.springframework.transaction.annotation.ProxyTransactionManagementConfiguration' of type [org.springframework.transaction.annotation.ProxyTransactionManagementConfiguration$$EnhancerBySpringCGLIB$$e56fcb24] is not eligible for getting processed by all BeanPostProcessors (for example: not eligible for auto-proxying)
Tomcat initialized with port(s): 8080 (http)
Initializing ProtocolHandler ["http-nio-8080"]
Starting service [Tomcat]
Starting Servlet Engine: Apache Tomcat/9.0.12
The APR based Apache Tomcat Native library which allows optimal performance in production environments was not found on the java.library.path: [E:\Program Files\Java\jdk1.8.0_91\bin;C:\Windows\Sun\Java\bin;C:\Windows\system32;C:\Windows;E:\Program Files\Java\jdk1.8.0_91\bin;C:\ProgramData\Oracle\Java\javapath;D:\jdk-8u91-windows-x64\jdk\bin;D:\软件\Maven\apache-maven-3.5.0-bin\apache-maven-3.5.0\bin;D:\Oracle\Oracle\app\oracle\product\11.2.0\server\bin;C:\Windows\system32;C:\Windows;C:\Windows\System32\Wbem;C:\Windows\System32\WindowsPowerShell\v1.0\;d:\SQL Server 2008 R2\Microsoft SQL Server86\100\Tools\Binn\;d:\SQL Server 2008 R2\100\Tools\Binn\;d:\SQL Server 2008 R2\100\DTS\Binn\;d:\SQL Server 2008 R2\Microsoft SQL Server86\100\Tools\Binn\VSShell\Common7\IDE\;d:\SQL Server 2008 R2\Microsoft SQL Server86\100\DTS\Binn\;D:\Mysql\mysql-5.6.33-winx64\bin;C:\Program Files\TortoiseSVN\bin;D:\Rational\Common;C:\Program Files (x86)\NVIDIA Corporation\PhysX\Common;C:\Program Files (x86)\nodejs\;D:\Maven\apache-maven-3.5.0\bin;D:\apache-tomcat-7.0.54\bin;C:\Users\luokun\AppData\Roaming\npm;.]
Initializing Spring embedded WebApplicationContext
Root WebApplicationContext: initialization completed in 1642 ms
Servlet dispatcherServlet mapped to [/]
Mapping filter: 'characterEncodingFilter' to: [/*]
Mapping filter: 'hiddenHttpMethodFilter' to: [/*]
Mapping filter: 'formContentFilter' to: [/*]
Mapping filter: 'requestContextFilter' to: [/*]
HikariPool-1 - Starting...
HikariPool-1 - Start completed.
HHH000204: Processing PersistenceUnitInfo [
	name: default
	...]
HHH000412: Hibernate Core {5.3.7.Final}
HHH000206: hibernate.properties not found
HCANN000001: Hibernate Commons Annotations {5.0.4.Final}
HHH000400: Using dialect: org.hibernate.dialect.MySQL5Dialect
Initialized JPA EntityManagerFactory for persistence unit 'default'
Initializing ExecutorService 'applicationTaskExecutor'
spring.jpa.open-in-view is enabled by default. Therefore, database queries may be performed during view rendering. Explicitly configure spring.jpa.open-in-view to disable this warning
Starting ProtocolHandler ["http-nio-8080"]
Using a shared selector for servlet write/read
Tomcat started on port(s): 8080 (http) with context path '/sell'
Started ShellApplication in 6.543 seconds (JVM running for 10.328)
Initializing Spring DispatcherServlet 'dispatcherServlet'
Initializing Servlet 'dispatcherServlet'
Completed initialization in 8 ms
HHH000397: Using ASTQueryTranslatorFactory
Starting OrderServiceImplTest on home with PID 4664 (started by luokun in F:\ideaproject\shell)
No active profile set, falling back to default profiles: default
Bootstrapping Spring Data repositories in DEFAULT mode.
Finished Spring Data repository scanning in 114ms. Found 4 repository interfaces.
Bean 'org.springframework.transaction.annotation.ProxyTransactionManagementConfiguration' of type [org.springframework.transaction.annotation.ProxyTransactionManagementConfiguration$$EnhancerBySpringCGLIB$$710bd50a] is not eligible for getting processed by all BeanPostProcessors (for example: not eligible for auto-proxying)
HikariPool-1 - Starting...
HikariPool-1 - Start completed.
HHH000204: Processing PersistenceUnitInfo [
	name: default
	...]
HHH000412: Hibernate Core {5.3.7.Final}
HHH000206: hibernate.properties not found
HCANN000001: Hibernate Commons Annotations {5.0.4.Final}
HHH000400: Using dialect: org.hibernate.dialect.MySQL5Dialect
Initialized JPA EntityManagerFactory for persistence unit 'default'
Initializing ExecutorService 'applicationTaskExecutor'
spring.jpa.open-in-view is enabled by default. Therefore, database queries may be performed during view rendering. Explicitly configure spring.jpa.open-in-view to disable this warning
Started OrderServiceImplTest in 7.326 seconds (JVM running for 9.94)
HHH000397: Using ASTQueryTranslatorFactory
【取消订单】订单状态不正确，orderId=1543571521550468877，orderStatus=1
Shutting down ExecutorService 'applicationTaskExecutor'
Closing JPA EntityManagerFactory for persistence unit 'default'
HikariPool-1 - Shutdown initiated...
HikariPool-1 - Shutdown completed.
Starting OrderServiceImplTest on home with PID 3372 (started by luokun in F:\ideaproject\shell)
No active profile set, falling back to default profiles: default
Bootstrapping Spring Data repositories in DEFAULT mode.
Finished Spring Data repository scanning in 96ms. Found 4 repository interfaces.
Bean 'org.springframework.transaction.annotation.ProxyTransactionManagementConfiguration' of type [org.springframework.transaction.annotation.ProxyTransactionManagementConfiguration$$EnhancerBySpringCGLIB$$c2113086] is not eligible for getting processed by all BeanPostProcessors (for example: not eligible for auto-proxying)
HikariPool-1 - Starting...
HikariPool-1 - Start completed.
HHH000204: Processing PersistenceUnitInfo [
	name: default
	...]
HHH000412: Hibernate Core {5.3.7.Final}
HHH000206: hibernate.properties not found
HCANN000001: Hibernate Commons Annotations {5.0.4.Final}
HHH000400: Using dialect: org.hibernate.dialect.MySQL5Dialect
Initialized JPA EntityManagerFactory for persistence unit 'default'
Initializing ExecutorService 'applicationTaskExecutor'
spring.jpa.open-in-view is enabled by default. Therefore, database queries may be performed during view rendering. Explicitly configure spring.jpa.open-in-view to disable this warning
Started OrderServiceImplTest in 7.488 seconds (JVM running for 9.829)
HHH000397: Using ASTQueryTranslatorFactory
Shutting down ExecutorService 'applicationTaskExecutor'
Closing JPA EntityManagerFactory for persistence unit 'default'
HikariPool-1 - Shutdown initiated...
HikariPool-1 - Shutdown completed.
Starting OrderServiceImplTest on home with PID 992 (started by luokun in F:\ideaproject\shell)
No active profile set, falling back to default profiles: default
Bootstrapping Spring Data repositories in DEFAULT mode.
Finished Spring Data repository scanning in 155ms. Found 4 repository interfaces.
Bean 'org.springframework.transaction.annotation.ProxyTransactionManagementConfiguration' of type [org.springframework.transaction.annotation.ProxyTransactionManagementConfiguration$$EnhancerBySpringCGLIB$$282b7f15] is not eligible for getting processed by all BeanPostProcessors (for example: not eligible for auto-proxying)
HikariPool-1 - Starting...
HikariPool-1 - Start completed.
HHH000204: Processing PersistenceUnitInfo [
	name: default
	...]
HHH000412: Hibernate Core {5.3.7.Final}
HHH000206: hibernate.properties not found
HCANN000001: Hibernate Commons Annotations {5.0.4.Final}
HHH000400: Using dialect: org.hibernate.dialect.MySQL5Dialect
Initialized JPA EntityManagerFactory for persistence unit 'default'
Initializing ExecutorService 'applicationTaskExecutor'
spring.jpa.open-in-view is enabled by default. Therefore, database queries may be performed during view rendering. Explicitly configure spring.jpa.open-in-view to disable this warning
Started OrderServiceImplTest in 7.19 seconds (JVM running for 8.93)
HHH000397: Using ASTQueryTranslatorFactory
【取消订单】订单状态不正确，orderId=1543571521550468877，orderStatus=2
Shutting down ExecutorService 'applicationTaskExecutor'
Closing JPA EntityManagerFactory for persistence unit 'default'
HikariPool-1 - Shutdown initiated...
HikariPool-1 - Shutdown completed.
Starting ShellApplication on home with PID 3232 (F:\ideaproject\shell\target\classes started by luokun in F:\ideaproject\shell)
No active profile set, falling back to default profiles: default
Bootstrapping Spring Data repositories in DEFAULT mode.
Finished Spring Data repository scanning in 63ms. Found 4 repository interfaces.
Bean 'org.springframework.transaction.annotation.ProxyTransactionManagementConfiguration' of type [org.springframework.transaction.annotation.ProxyTransactionManagementConfiguration$$EnhancerBySpringCGLIB$$3e89fd14] is not eligible for getting processed by all BeanPostProcessors (for example: not eligible for auto-proxying)
Tomcat initialized with port(s): 8080 (http)
Initializing ProtocolHandler ["http-nio-8080"]
Starting service [Tomcat]
Starting Servlet Engine: Apache Tomcat/9.0.12
The APR based Apache Tomcat Native library which allows optimal performance in production environments was not found on the java.library.path: [E:\Program Files\Java\jdk1.8.0_91\bin;C:\Windows\Sun\Java\bin;C:\Windows\system32;C:\Windows;E:\Program Files\Java\jdk1.8.0_91\bin;C:\ProgramData\Oracle\Java\javapath;D:\jdk-8u91-windows-x64\jdk\bin;D:\软件\Maven\apache-maven-3.5.0-bin\apache-maven-3.5.0\bin;D:\Oracle\Oracle\app\oracle\product\11.2.0\server\bin;C:\Windows\system32;C:\Windows;C:\Windows\System32\Wbem;C:\Windows\System32\WindowsPowerShell\v1.0\;d:\SQL Server 2008 R2\Microsoft SQL Server86\100\Tools\Binn\;d:\SQL Server 2008 R2\100\Tools\Binn\;d:\SQL Server 2008 R2\100\DTS\Binn\;d:\SQL Server 2008 R2\Microsoft SQL Server86\100\Tools\Binn\VSShell\Common7\IDE\;d:\SQL Server 2008 R2\Microsoft SQL Server86\100\DTS\Binn\;D:\Mysql\mysql-5.6.33-winx64\bin;C:\Program Files\TortoiseSVN\bin;D:\Rational\Common;C:\Program Files (x86)\NVIDIA Corporation\PhysX\Common;C:\Program Files (x86)\nodejs\;D:\Maven\apache-maven-3.5.0\bin;D:\apache-tomcat-7.0.54\bin;C:\Users\luokun\AppData\Roaming\npm;.]
Initializing Spring embedded WebApplicationContext
Root WebApplicationContext: initialization completed in 1200 ms
Servlet dispatcherServlet mapped to [/]
Mapping filter: 'characterEncodingFilter' to: [/*]
Mapping filter: 'hiddenHttpMethodFilter' to: [/*]
Mapping filter: 'formContentFilter' to: [/*]
Mapping filter: 'requestContextFilter' to: [/*]
HikariPool-1 - Starting...
HikariPool-1 - Start completed.
HHH000204: Processing PersistenceUnitInfo [
	name: default
	...]
HHH000412: Hibernate Core {5.3.7.Final}
HHH000206: hibernate.properties not found
HCANN000001: Hibernate Commons Annotations {5.0.4.Final}
HHH000400: Using dialect: org.hibernate.dialect.MySQL5Dialect
Initialized JPA EntityManagerFactory for persistence unit 'default'
Initializing ExecutorService 'applicationTaskExecutor'
spring.jpa.open-in-view is enabled by default. Therefore, database queries may be performed during view rendering. Explicitly configure spring.jpa.open-in-view to disable this warning
Starting ProtocolHandler ["http-nio-8080"]
Using a shared selector for servlet write/read
Tomcat started on port(s): 8080 (http) with context path '/sell'
Started ShellApplication in 3.507 seconds (JVM running for 5.91)
Initializing Spring DispatcherServlet 'dispatcherServlet'
Initializing Servlet 'dispatcherServlet'
Completed initialization in 6 ms
HHH000397: Using ASTQueryTranslatorFactory
